2025-11-27 09:16:14,476 - INFO - ✅ Starting processing for video ID: S7OWoc-j8qQ
2025-11-27 09:16:14,476 - INFO - ✅ Parameters: language=en, correlation_threshold=0.3, max_comments=100000
2025-11-27 09:16:14,476 - INFO - ✅ Output directory: /source/minsunkim/comment/main/12_add_customization/output/1127
2025-11-27 09:16:14,476 - INFO - ✅ Comment count: 1,954
2025-11-27 09:16:14,476 - INFO - ✅ Downloading comments...
2025-11-27 09:16:14,476 - INFO - ✅ Downloading YouTube video...
2025-11-27 09:16:14,476 - INFO - ✅ Attempting to download SRT file...
2025-11-27 09:16:18,119 - INFO - ✅ Generating SRT file...
2025-11-27 09:16:18,119 - INFO - ✅ Processing video ID: S7OWoc-j8qQ
2025-11-27 09:16:18,119 - INFO - ✅ Extracting keyframes...
2025-11-27 09:16:18,119 - INFO - ✅ Extracting video captions...
2025-11-27 09:16:18,119 - INFO - =============================
2025-11-27 09:16:18,119 - INFO - ===== Optimizing phase =====
2025-11-27 09:16:18,119 - INFO - =============================
2025-11-27 09:16:18,120 - INFO - ✅ Loading video information from yt-dlp JSON...
2025-11-27 09:16:18,120 - INFO - ✅ Starting comment optimization...
2025-11-27 09:16:18,183 - INFO - ✅ Comments count: 1695
2025-11-27 09:16:18,187 - INFO - Use pytorch device_name: cuda:0
2025-11-27 09:16:18,187 - INFO - Load pretrained SentenceTransformer: sentence-transformers/all-mpnet-base-v2
2025-11-27 09:16:36,409 - INFO - ✅✅✅✅✅✅✅ Computation time: 18.22357201576233
2025-11-27 09:16:36,409 - INFO - ✅ Creating danmaku data...
2025-11-27 09:16:36,421 - INFO - ✅ Danmaku data saved: 508 comments (20 per time)
2025-11-27 09:16:36,421 - INFO - ✅ Danmaku data (one) saved: 49 comments (1 per time)
2025-11-27 09:16:36,421 - INFO -  ✅Saving results...
2025-11-27 09:16:36,422 - INFO - ✅ Creating ComVi UI...
2025-11-27 09:16:36,440 - INFO - ✅ Danmaku UI created successfully!
2025-11-27 09:16:36,445 - INFO - ✅ Danmaku UI (one) created successfully!
2025-11-27 09:16:36,449 - INFO - ✅ Creating YouTube UI...
2025-11-27 09:16:36,455 - INFO - ✅ Creating YouTube UI (one)...
2025-11-27 09:16:36,461 - INFO - ✅ YouTube UI (one) created successfully!
2025-11-27 09:16:36,461 - INFO - ✅ All UIs created successfully!
2025-11-27 09:16:36,461 - INFO - ✅ Processing completed successfully
2025-11-27 09:16:36,461 - INFO - ✅ Results saved to: /source/minsunkim/comment/main/12_add_customization/output/1127/S7OWoc-j8qQ_none_0.068
2025-11-27 09:16:36,461 - INFO - ✅ 18.275992393493652 !!!!!!!!!!
