2025-11-27 06:54:06,018 - INFO - ✅ Starting processing for video ID: S7OWoc-j8qQ
2025-11-27 06:54:06,019 - INFO - ✅ Parameters: language=en, correlation_threshold=0.3, max_comments=100000
2025-11-27 06:54:06,019 - INFO - ✅ Output directory: /source/minsunkim/comment/main/12_add_customization/output/1127
2025-11-27 06:54:06,019 - INFO - ✅ Comment count: 1,954
2025-11-27 06:54:06,019 - INFO - ✅ Downloading comments...
2025-11-27 06:54:06,019 - INFO - ✅ Downloading YouTube video...
2025-11-27 06:54:06,019 - INFO - ✅ Attempting to download SRT file...
2025-11-27 06:54:09,765 - INFO - ✅ Generating SRT file...
2025-11-27 06:54:09,765 - INFO - ✅ Processing video ID: S7OWoc-j8qQ
2025-11-27 06:54:09,765 - INFO - ✅ Extracting keyframes...
2025-11-27 06:54:09,765 - INFO - ✅ Extracting video captions...
2025-11-27 06:54:09,765 - INFO - =============================
2025-11-27 06:54:09,765 - INFO - ===== Optimizing phase =====
2025-11-27 06:54:09,765 - INFO - =============================
2025-11-27 06:54:09,766 - INFO - ✅ Loading video information from yt-dlp JSON...
2025-11-27 06:54:09,766 - INFO - ✅ Starting comment optimization...
2025-11-27 06:54:09,825 - INFO - ✅ Comments count: 1695
2025-11-27 06:54:09,828 - INFO - Use pytorch device_name: cuda:0
2025-11-27 06:54:09,829 - INFO - Load pretrained SentenceTransformer: sentence-transformers/all-mpnet-base-v2
2025-11-27 06:54:28,249 - INFO - ✅✅✅✅✅✅✅ Computation time: 18.421849489212036
2025-11-27 06:54:28,249 - INFO - ✅ Creating danmaku data...
2025-11-27 06:54:28,261 - INFO - ✅ Danmaku data saved: 508 comments (20 per time)
2025-11-27 06:54:28,261 - INFO - ✅ Danmaku data (one) saved: 49 comments (1 per time)
2025-11-27 06:54:28,261 - INFO -  ✅Saving results...
2025-11-27 06:54:28,262 - INFO - ✅ Creating ComVi UI...
2025-11-27 06:54:28,275 - INFO - ✅ Danmaku UI created successfully!
2025-11-27 06:54:28,279 - INFO - ✅ Danmaku UI (one) created successfully!
2025-11-27 06:54:28,282 - INFO - ✅ Creating YouTube UI...
2025-11-27 06:54:28,287 - INFO - ✅ Creating YouTube UI (one)...
2025-11-27 06:54:28,293 - INFO - ✅ YouTube UI (one) created successfully!
2025-11-27 06:54:28,293 - INFO - ✅ All UIs created successfully!
2025-11-27 06:54:28,293 - INFO - ✅ Processing completed successfully
2025-11-27 06:54:28,293 - INFO - ✅ Results saved to: /source/minsunkim/comment/main/12_add_customization/output/1127/S7OWoc-j8qQ_none_0.068
2025-11-27 06:54:28,293 - INFO - ✅ 18.465794563293457 !!!!!!!!!!
