2025-11-26 20:07:25,181 - INFO - ✅ Starting processing for video ID: S7OWoc-j8qQ
2025-11-26 20:07:25,181 - INFO - ✅ Parameters: language=en, correlation_threshold=0.3, max_comments=100000
2025-11-26 20:07:25,181 - INFO - ✅ Output directory: /source/minsunkim/comment/main/12_add_customization/output/1127
2025-11-26 20:07:25,181 - INFO - ✅ Comment count: 1,954
2025-11-26 20:07:25,181 - INFO - ✅ Downloading comments...
2025-11-26 20:07:25,181 - INFO - ✅ Downloading YouTube video...
2025-11-26 20:07:25,182 - INFO - ✅ Attempting to download SRT file...
2025-11-26 20:07:28,228 - INFO - ✅ Generating SRT file...
2025-11-26 20:07:28,228 - INFO - ✅ Processing video ID: S7OWoc-j8qQ
2025-11-26 20:07:28,228 - INFO - ✅ Extracting keyframes...
2025-11-26 20:07:28,229 - INFO - ✅ Extracting video captions...
2025-11-26 20:07:28,229 - INFO - =============================
2025-11-26 20:07:28,229 - INFO - ===== Optimizing phase =====
2025-11-26 20:07:28,229 - INFO - =============================
2025-11-26 20:07:28,230 - INFO - ✅ Loading video information from yt-dlp JSON...
2025-11-26 20:07:28,230 - INFO - ✅ Starting comment optimization...
2025-11-26 20:07:28,313 - INFO - ✅ Comments count: 1695
2025-11-26 20:07:28,317 - INFO - Use pytorch device_name: cuda:0
2025-11-26 20:07:28,317 - INFO - Load pretrained SentenceTransformer: sentence-transformers/all-mpnet-base-v2
2025-11-26 20:07:44,851 - INFO - ✅✅✅✅✅✅✅ Computation time: 16.536056995391846
2025-11-26 20:07:44,852 - INFO - ✅ Creating danmaku data...
2025-11-26 20:07:44,863 - INFO - ✅ Danmaku data saved: 508 comments (20 per time)
2025-11-26 20:07:44,863 - INFO - ✅ Danmaku data (one) saved: 49 comments (1 per time)
2025-11-26 20:07:44,863 - INFO -  ✅Saving results...
2025-11-26 20:07:44,864 - INFO - ✅ Creating ComVi UI...
2025-11-26 20:07:44,877 - INFO - ✅ Danmaku UI created successfully!
2025-11-26 20:07:44,881 - INFO - ✅ Danmaku UI (one) created successfully!
2025-11-26 20:07:44,883 - INFO - ✅ Creating YouTube UI...
2025-11-26 20:07:44,888 - INFO - ✅ Creating YouTube UI (one)...
2025-11-26 20:07:44,894 - INFO - ✅ YouTube UI (one) created successfully!
2025-11-26 20:07:44,894 - INFO - ✅ All UIs created successfully!
2025-11-26 20:07:44,894 - INFO - ✅ Processing completed successfully
2025-11-26 20:07:44,894 - INFO - ✅ Results saved to: /source/minsunkim/comment/main/12_add_customization/output/1127/S7OWoc-j8qQ_none_0.068
2025-11-26 20:07:44,894 - INFO - ✅ 16.57843255996704 !!!!!!!!!!
