2025-11-27 09:42:32,126 - INFO - ✅ Starting processing for video ID: S7OWoc-j8qQ
2025-11-27 09:42:32,127 - INFO - ✅ Parameters: language=en, correlation_threshold=0.3, max_comments=100000
2025-11-27 09:42:32,127 - INFO - ✅ Output directory: /source/minsunkim/comment/main/12_add_customization/output/1127
2025-11-27 09:42:32,127 - INFO - ✅ Comment count: 1,954
2025-11-27 09:42:32,127 - INFO - ✅ Downloading comments...
2025-11-27 09:42:32,127 - INFO - ✅ Downloading YouTube video...
2025-11-27 09:42:32,127 - INFO - ✅ Attempting to download SRT file...
2025-11-27 09:42:36,195 - INFO - ✅ Generating SRT file...
2025-11-27 09:42:36,195 - INFO - ✅ Processing video ID: S7OWoc-j8qQ
2025-11-27 09:42:36,195 - INFO - ✅ Extracting keyframes...
2025-11-27 09:42:36,195 - INFO - ✅ Extracting video captions...
2025-11-27 09:42:36,195 - INFO - =============================
2025-11-27 09:42:36,196 - INFO - ===== Optimizing phase =====
2025-11-27 09:42:36,196 - INFO - =============================
2025-11-27 09:42:36,196 - INFO - ✅ Loading video information from yt-dlp JSON...
2025-11-27 09:42:36,196 - INFO - ✅ Starting comment optimization...
2025-11-27 09:42:36,257 - INFO - ✅ Comments count: 1695
2025-11-27 09:42:36,261 - INFO - Use pytorch device_name: cuda:0
2025-11-27 09:42:36,261 - INFO - Load pretrained SentenceTransformer: sentence-transformers/all-mpnet-base-v2
2025-11-27 09:42:54,792 - INFO - ✅✅✅✅✅✅✅ Computation time: 18.532891750335693
2025-11-27 09:42:54,792 - INFO - ✅ Creating danmaku data...
2025-11-27 09:42:54,804 - INFO - ✅ Danmaku data saved: 508 comments (20 per time)
2025-11-27 09:42:54,804 - INFO - ✅ Danmaku data (one) saved: 49 comments (1 per time)
2025-11-27 09:42:54,804 - INFO -  ✅Saving results...
2025-11-27 09:42:54,805 - INFO - ✅ Creating ComVi UI...
2025-11-27 09:42:54,819 - INFO - ✅ Danmaku UI created successfully!
2025-11-27 09:42:54,823 - INFO - ✅ Danmaku UI (one) created successfully!
2025-11-27 09:42:54,826 - INFO - ✅ Creating YouTube UI...
2025-11-27 09:42:54,831 - INFO - ✅ Creating YouTube UI (one)...
2025-11-27 09:42:54,837 - INFO - ✅ YouTube UI (one) created successfully!
2025-11-27 09:42:54,837 - INFO - ✅ All UIs created successfully!
2025-11-27 09:42:54,837 - INFO - ✅ Processing completed successfully
2025-11-27 09:42:54,837 - INFO - ✅ Results saved to: /source/minsunkim/comment/main/12_add_customization/output/1127/S7OWoc-j8qQ_none_0.068
2025-11-27 09:42:54,837 - INFO - ✅ 18.577832221984863 !!!!!!!!!!
