2025-11-24 12:52:34,757 - INFO - ✅ Starting processing for video ID: S7OWoc-j8qQ
2025-11-24 12:52:34,757 - INFO - ✅ Parameters: language=en, correlation_threshold=0.3, max_comments=100000
2025-11-24 12:52:34,757 - INFO - ✅ Output directory: /source/minsunkim/comment/main/12_add_customization/output/1124
2025-11-24 12:52:34,757 - INFO - ✅ Comment count: 1,950
2025-11-24 12:52:34,757 - INFO - ✅ Downloading comments...
2025-11-24 12:52:34,757 - INFO - ✅ Downloading YouTube video...
2025-11-24 12:52:34,758 - INFO - ✅ Attempting to download SRT file...
2025-11-24 12:52:39,403 - INFO - ✅ Generating SRT file...
2025-11-24 12:52:39,403 - INFO - ✅ Processing video ID: S7OWoc-j8qQ
2025-11-24 12:52:39,403 - INFO - ✅ Extracting keyframes...
2025-11-24 12:52:39,403 - INFO - ✅ Extracting video captions...
2025-11-24 12:52:39,403 - INFO - =============================
2025-11-24 12:52:39,403 - INFO - ===== Optimizing phase =====
2025-11-24 12:52:39,404 - INFO - =============================
2025-11-24 12:52:39,405 - INFO - ✅ Loading video information from yt-dlp JSON...
2025-11-24 12:52:39,405 - INFO - ✅ Starting comment optimization...
2025-11-24 12:52:39,471 - INFO - ✅ Comments count: 1695
2025-11-24 12:52:39,475 - INFO - Use pytorch device_name: cuda:0
2025-11-24 12:52:39,475 - INFO - Load pretrained SentenceTransformer: sentence-transformers/all-mpnet-base-v2
2025-11-24 12:52:58,976 - INFO - ✅✅✅✅✅✅✅ Computation time: 19.50337839126587
2025-11-24 12:52:58,977 - INFO - ✅ Creating danmaku data...
2025-11-24 12:52:58,988 - INFO - ✅ Danmaku data saved: 508 comments (20 per time)
2025-11-24 12:52:58,988 - INFO - ✅ Danmaku data (one) saved: 49 comments (1 per time)
2025-11-24 12:52:58,988 - INFO -  ✅Saving results...
2025-11-24 12:52:58,989 - INFO - ✅ Creating ComVi UI...
2025-11-24 12:52:59,002 - INFO - ✅ Danmaku UI created successfully!
2025-11-24 12:52:59,005 - INFO - ✅ Danmaku UI (one) created successfully!
2025-11-24 12:52:59,005 - INFO - ✅ All UIs created successfully!
2025-11-24 12:52:59,005 - INFO - ✅ Processing completed successfully
2025-11-24 12:52:59,005 - INFO - ✅ Results saved to: /source/minsunkim/comment/main/12_add_customization/output/1124/S7OWoc-j8qQ_none_0.068
2025-11-24 12:52:59,005 - INFO - ✅ 19.532320499420166 !!!!!!!!!!
