2025-11-25 05:31:08,936 - INFO - ✅ Starting processing for video ID: S7OWoc-j8qQ
2025-11-25 05:31:08,936 - INFO - ✅ Parameters: language=en, correlation_threshold=0.3, max_comments=100000
2025-11-25 05:31:08,936 - INFO - ✅ Output directory: /source/minsunkim/comment/main/12_add_customization/output/1124
2025-11-25 05:31:08,936 - INFO - ✅ Comment count: 1,951
2025-11-25 05:31:08,936 - INFO - ✅ Downloading comments...
2025-11-25 05:31:08,936 - INFO - ✅ Downloading YouTube video...
2025-11-25 05:31:08,936 - INFO - ✅ Attempting to download SRT file...
2025-11-25 05:31:13,156 - INFO - ✅ Generating SRT file...
2025-11-25 05:31:13,156 - INFO - ✅ Processing video ID: S7OWoc-j8qQ
2025-11-25 05:31:13,156 - INFO - ✅ Extracting keyframes...
2025-11-25 05:31:13,157 - INFO - ✅ Extracting video captions...
2025-11-25 05:31:13,157 - INFO - =============================
2025-11-25 05:31:13,157 - INFO - ===== Optimizing phase =====
2025-11-25 05:31:13,157 - INFO - =============================
2025-11-25 05:31:13,159 - INFO - ✅ Loading video information from yt-dlp JSON...
2025-11-25 05:31:13,159 - INFO - ✅ Starting comment optimization...
2025-11-25 05:31:13,228 - INFO - ✅ Comments count: 1695
2025-11-25 05:31:13,232 - INFO - Use pytorch device_name: cuda:0
2025-11-25 05:31:13,232 - INFO - Load pretrained SentenceTransformer: sentence-transformers/all-mpnet-base-v2
2025-11-25 05:31:33,376 - INFO - ✅✅✅✅✅✅✅ Computation time: 20.145708799362183
2025-11-25 05:31:33,376 - INFO - ✅ Creating danmaku data...
2025-11-25 05:31:33,388 - INFO - ✅ Danmaku data saved: 508 comments (20 per time)
2025-11-25 05:31:33,388 - INFO - ✅ Danmaku data (one) saved: 49 comments (1 per time)
2025-11-25 05:31:33,388 - INFO -  ✅Saving results...
2025-11-25 05:31:33,389 - INFO - ✅ Creating ComVi UI...
2025-11-25 05:31:33,403 - INFO - ✅ Danmaku UI created successfully!
2025-11-25 05:31:33,406 - INFO - ✅ Danmaku UI (one) created successfully!
2025-11-25 05:31:33,409 - INFO - ✅ Creating YouTube UI...
2025-11-25 05:31:33,415 - INFO - ✅ Creating YouTube UI (one)...
2025-11-25 05:31:33,421 - INFO - ✅ YouTube UI (one) created successfully!
2025-11-25 05:31:33,421 - INFO - ✅ All UIs created successfully!
2025-11-25 05:31:33,421 - INFO - ✅ Processing completed successfully
2025-11-25 05:31:33,421 - INFO - ✅ Results saved to: /source/minsunkim/comment/main/12_add_customization/output/1124/S7OWoc-j8qQ_none_0.068
2025-11-25 05:31:33,421 - INFO - ✅ 20.190319538116455 !!!!!!!!!!
