2025-11-25 09:21:33,310 - INFO - ✅ Starting processing for video ID: S7OWoc-j8qQ
2025-11-25 09:21:33,310 - INFO - ✅ Parameters: language=en, correlation_threshold=0.3, max_comments=100000
2025-11-25 09:21:33,310 - INFO - ✅ Output directory: /source/minsunkim/comment/main/12_add_customization/output/1124
2025-11-25 09:21:33,310 - INFO - ✅ Comment count: 1,951
2025-11-25 09:21:33,310 - INFO - ✅ Downloading comments...
2025-11-25 09:21:33,310 - INFO - ✅ Downloading YouTube video...
2025-11-25 09:21:33,311 - INFO - ✅ Attempting to download SRT file...
2025-11-25 09:21:37,031 - INFO - ✅ Generating SRT file...
2025-11-25 09:21:37,031 - INFO - ✅ Processing video ID: S7OWoc-j8qQ
2025-11-25 09:21:37,031 - INFO - ✅ Extracting keyframes...
2025-11-25 09:21:37,031 - INFO - ✅ Extracting video captions...
2025-11-25 09:21:37,031 - INFO - =============================
2025-11-25 09:21:37,031 - INFO - ===== Optimizing phase =====
2025-11-25 09:21:37,032 - INFO - =============================
2025-11-25 09:21:37,032 - INFO - ✅ Loading video information from yt-dlp JSON...
2025-11-25 09:21:37,033 - INFO - ✅ Starting comment optimization...
2025-11-25 09:21:37,102 - INFO - ✅ Comments count: 1695
2025-11-25 09:21:37,105 - INFO - Use pytorch device_name: cuda:0
2025-11-25 09:21:37,105 - INFO - Load pretrained SentenceTransformer: sentence-transformers/all-mpnet-base-v2
2025-11-25 09:21:54,448 - INFO - ✅✅✅✅✅✅✅ Computation time: 17.344427585601807
2025-11-25 09:21:54,448 - INFO - ✅ Creating danmaku data...
2025-11-25 09:21:54,460 - INFO - ✅ Danmaku data saved: 508 comments (20 per time)
2025-11-25 09:21:54,460 - INFO - ✅ Danmaku data (one) saved: 49 comments (1 per time)
2025-11-25 09:21:54,460 - INFO -  ✅Saving results...
2025-11-25 09:21:54,461 - INFO - ✅ Creating ComVi UI...
2025-11-25 09:21:54,474 - INFO - ✅ Danmaku UI created successfully!
2025-11-25 09:21:54,477 - INFO - ✅ Danmaku UI (one) created successfully!
2025-11-25 09:21:54,480 - INFO - ✅ Danmaku UI (one) created successfully!
2025-11-25 09:21:54,483 - INFO - ✅ Creating YouTube UI...
2025-11-25 09:21:54,488 - INFO - ✅ Creating YouTube UI (one)...
2025-11-25 09:21:54,493 - INFO - ✅ YouTube UI (one) created successfully!
2025-11-25 09:21:54,493 - INFO - ✅ All UIs created successfully!
2025-11-25 09:21:54,493 - INFO - ✅ Processing completed successfully
2025-11-25 09:21:54,493 - INFO - ✅ Results saved to: /source/minsunkim/comment/main/12_add_customization/output/1124/S7OWoc-j8qQ_none_0.068
2025-11-25 09:21:54,493 - INFO - ✅ 17.389538526535034 !!!!!!!!!!
