2025-11-26 20:03:09,282 - INFO - ✅ Starting processing for video ID: S7OWoc-j8qQ
2025-11-26 20:03:09,282 - INFO - ✅ Parameters: language=en, correlation_threshold=0.3, max_comments=100000
2025-11-26 20:03:09,282 - INFO - ✅ Output directory: /source/minsunkim/comment/main/12_add_customization/output/1127
2025-11-26 20:03:09,282 - INFO - ✅ Comment count: 1,954
2025-11-26 20:03:09,282 - INFO - ✅ Downloading comments...
2025-11-26 20:03:09,282 - INFO - ✅ Downloading YouTube video...
2025-11-26 20:03:09,282 - INFO - ✅ Attempting to download SRT file...
2025-11-26 20:03:12,763 - INFO - ✅ Generating SRT file...
2025-11-26 20:03:12,764 - INFO - ✅ Processing video ID: S7OWoc-j8qQ
2025-11-26 20:03:12,764 - INFO - ✅ Extracting keyframes...
2025-11-26 20:03:12,764 - INFO - ✅ Extracting video captions...
2025-11-26 20:03:12,764 - INFO - =============================
2025-11-26 20:03:12,764 - INFO - ===== Optimizing phase =====
2025-11-26 20:03:12,764 - INFO - =============================
2025-11-26 20:03:12,765 - INFO - ✅ Loading video information from yt-dlp JSON...
2025-11-26 20:03:12,765 - INFO - ✅ Starting comment optimization...
2025-11-26 20:03:12,854 - INFO - ✅ Comments count: 1695
2025-11-26 20:03:12,858 - INFO - Use pytorch device_name: cuda:0
2025-11-26 20:03:12,858 - INFO - Load pretrained SentenceTransformer: sentence-transformers/all-mpnet-base-v2
2025-11-26 20:03:29,499 - INFO - ✅✅✅✅✅✅✅ Computation time: 16.642260313034058
2025-11-26 20:03:29,499 - INFO - ✅ Creating danmaku data...
2025-11-26 20:03:29,510 - INFO - ✅ Danmaku data saved: 508 comments (20 per time)
2025-11-26 20:03:29,510 - INFO - ✅ Danmaku data (one) saved: 49 comments (1 per time)
2025-11-26 20:03:29,510 - INFO -  ✅Saving results...
2025-11-26 20:03:29,511 - INFO - ✅ Creating ComVi UI...
2025-11-26 20:03:29,525 - INFO - ✅ Danmaku UI created successfully!
2025-11-26 20:03:29,528 - INFO - ✅ Danmaku UI (one) created successfully!
2025-11-26 20:03:29,530 - INFO - ✅ Creating YouTube UI...
2025-11-26 20:03:29,535 - INFO - ✅ Creating YouTube UI (one)...
2025-11-26 20:03:29,541 - INFO - ✅ YouTube UI (one) created successfully!
2025-11-26 20:03:29,541 - INFO - ✅ All UIs created successfully!
2025-11-26 20:03:29,541 - INFO - ✅ Processing completed successfully
2025-11-26 20:03:29,541 - INFO - ✅ Results saved to: /source/minsunkim/comment/main/12_add_customization/output/1127/S7OWoc-j8qQ_none_0.068
2025-11-26 20:03:29,541 - INFO - ✅ 16.684444427490234 !!!!!!!!!!
