2025-11-26 19:49:20,551 - INFO - ✅ Starting processing for video ID: S7OWoc-j8qQ
2025-11-26 19:49:20,551 - INFO - ✅ Parameters: language=en, correlation_threshold=0.3, max_comments=100000
2025-11-26 19:49:20,552 - INFO - ✅ Output directory: /source/minsunkim/comment/main/12_add_customization/output/1127
2025-11-26 19:49:20,552 - INFO - ✅ Comment count: 1,954
2025-11-26 19:49:20,552 - INFO - ✅ Downloading comments...
2025-11-26 19:49:20,552 - INFO - ✅ Downloading YouTube video...
2025-11-26 19:49:20,552 - INFO - ✅ Attempting to download SRT file...
2025-11-26 19:49:24,419 - INFO - ✅ Generating SRT file...
2025-11-26 19:49:24,419 - INFO - ✅ Processing video ID: S7OWoc-j8qQ
2025-11-26 19:49:24,419 - INFO - ✅ Extracting keyframes...
2025-11-26 19:49:24,420 - INFO - ✅ Extracting video captions...
2025-11-26 19:49:24,420 - INFO - =============================
2025-11-26 19:49:24,420 - INFO - ===== Optimizing phase =====
2025-11-26 19:49:24,420 - INFO - =============================
2025-11-26 19:49:24,421 - INFO - ✅ Loading video information from yt-dlp JSON...
2025-11-26 19:49:24,421 - INFO - ✅ Starting comment optimization...
2025-11-26 19:49:24,511 - INFO - ✅ Comments count: 1695
2025-11-26 19:49:24,518 - INFO - Use pytorch device_name: cuda:0
2025-11-26 19:49:24,518 - INFO - Load pretrained SentenceTransformer: sentence-transformers/all-mpnet-base-v2
2025-11-26 19:49:40,968 - INFO - ✅✅✅✅✅✅✅ Computation time: 16.452872037887573
2025-11-26 19:49:40,968 - INFO - ✅ Creating danmaku data...
2025-11-26 19:49:40,980 - INFO - ✅ Danmaku data saved: 508 comments (20 per time)
2025-11-26 19:49:40,980 - INFO - ✅ Danmaku data (one) saved: 49 comments (1 per time)
2025-11-26 19:49:40,980 - INFO -  ✅Saving results...
2025-11-26 19:49:40,981 - INFO - ✅ Creating ComVi UI...
2025-11-26 19:49:40,994 - INFO - ✅ Danmaku UI created successfully!
2025-11-26 19:49:40,997 - INFO - ✅ Danmaku UI (one) created successfully!
2025-11-26 19:49:40,997 - INFO - ✅ All UIs created successfully!
2025-11-26 19:49:40,997 - INFO - ✅ Processing completed successfully
2025-11-26 19:49:40,997 - INFO - ✅ Results saved to: /source/minsunkim/comment/main/12_add_customization/output/1127/S7OWoc-j8qQ_none_0.068
2025-11-26 19:49:40,997 - INFO - ✅ 16.481666326522827 !!!!!!!!!!
