2025-11-26 20:07:57,389 - INFO - ✅ Starting processing for video ID: S7OWoc-j8qQ
2025-11-26 20:07:57,389 - INFO - ✅ Parameters: language=en, correlation_threshold=0.3, max_comments=100000
2025-11-26 20:07:57,390 - INFO - ✅ Output directory: /source/minsunkim/comment/main/12_add_customization/output/1127
2025-11-26 20:07:57,390 - INFO - ✅ Comment count: 1,954
2025-11-26 20:07:57,390 - INFO - ✅ Downloading comments...
2025-11-26 20:07:57,390 - INFO - ✅ Downloading YouTube video...
2025-11-26 20:07:57,390 - INFO - ✅ Attempting to download SRT file...
2025-11-26 20:08:01,089 - INFO - ✅ Generating SRT file...
2025-11-26 20:08:01,089 - INFO - ✅ Processing video ID: S7OWoc-j8qQ
2025-11-26 20:08:01,089 - INFO - ✅ Extracting keyframes...
2025-11-26 20:08:01,089 - INFO - ✅ Extracting video captions...
2025-11-26 20:08:01,089 - INFO - =============================
2025-11-26 20:08:01,090 - INFO - ===== Optimizing phase =====
2025-11-26 20:08:01,090 - INFO - =============================
2025-11-26 20:08:01,091 - INFO - ✅ Loading video information from yt-dlp JSON...
2025-11-26 20:08:01,091 - INFO - ✅ Starting comment optimization...
2025-11-26 20:08:01,162 - INFO - ✅ Comments count: 1695
2025-11-26 20:08:01,166 - INFO - Use pytorch device_name: cuda:0
2025-11-26 20:08:01,166 - INFO - Load pretrained SentenceTransformer: sentence-transformers/all-mpnet-base-v2
2025-11-26 20:08:17,910 - INFO - ✅✅✅✅✅✅✅ Computation time: 16.745943784713745
2025-11-26 20:08:17,911 - INFO - ✅ Creating danmaku data...
2025-11-26 20:08:17,922 - INFO - ✅ Danmaku data saved: 508 comments (20 per time)
2025-11-26 20:08:17,922 - INFO - ✅ Danmaku data (one) saved: 49 comments (1 per time)
2025-11-26 20:08:17,922 - INFO -  ✅Saving results...
2025-11-26 20:08:17,923 - INFO - ✅ Creating ComVi UI...
2025-11-26 20:08:17,936 - INFO - ✅ Danmaku UI created successfully!
2025-11-26 20:08:17,939 - INFO - ✅ Danmaku UI (one) created successfully!
2025-11-26 20:08:17,942 - INFO - ✅ Creating YouTube UI...
2025-11-26 20:08:17,947 - INFO - ✅ Creating YouTube UI (one)...
2025-11-26 20:08:17,952 - INFO - ✅ YouTube UI (one) created successfully!
2025-11-26 20:08:17,952 - INFO - ✅ All UIs created successfully!
2025-11-26 20:08:17,952 - INFO - ✅ Processing completed successfully
2025-11-26 20:08:17,952 - INFO - ✅ Results saved to: /source/minsunkim/comment/main/12_add_customization/output/1127/S7OWoc-j8qQ_none_0.068
2025-11-26 20:08:17,952 - INFO - ✅ 16.787915229797363 !!!!!!!!!!
