2025-11-25 09:32:42,145 - INFO - ✅ Starting processing for video ID: S7OWoc-j8qQ
2025-11-25 09:32:42,145 - INFO - ✅ Parameters: language=en, correlation_threshold=0.3, max_comments=100000
2025-11-25 09:32:42,145 - INFO - ✅ Output directory: /source/minsunkim/comment/main/12_add_customization/output/1124
2025-11-25 09:32:42,145 - INFO - ✅ Comment count: 1,951
2025-11-25 09:32:42,145 - INFO - ✅ Downloading comments...
2025-11-25 09:32:42,145 - INFO - ✅ Downloading YouTube video...
2025-11-25 09:32:42,145 - INFO - ✅ Attempting to download SRT file...
2025-11-25 09:32:45,928 - INFO - ✅ Generating SRT file...
2025-11-25 09:32:45,928 - INFO - ✅ Processing video ID: S7OWoc-j8qQ
2025-11-25 09:32:45,928 - INFO - ✅ Extracting keyframes...
2025-11-25 09:32:45,928 - INFO - ✅ Extracting video captions...
2025-11-25 09:32:45,928 - INFO - =============================
2025-11-25 09:32:45,929 - INFO - ===== Optimizing phase =====
2025-11-25 09:32:45,929 - INFO - =============================
2025-11-25 09:32:45,930 - INFO - ✅ Loading video information from yt-dlp JSON...
2025-11-25 09:32:45,930 - INFO - ✅ Starting comment optimization...
2025-11-25 09:32:45,995 - INFO - ✅ Comments count: 1695
2025-11-25 09:32:45,999 - INFO - Use pytorch device_name: cuda:0
2025-11-25 09:32:45,999 - INFO - Load pretrained SentenceTransformer: sentence-transformers/all-mpnet-base-v2
2025-11-25 09:33:04,001 - INFO - ✅✅✅✅✅✅✅ Computation time: 18.0035080909729
2025-11-25 09:33:04,001 - INFO - ✅ Creating danmaku data...
2025-11-25 09:33:04,012 - INFO - ✅ Danmaku data saved: 508 comments (20 per time)
2025-11-25 09:33:04,012 - INFO - ✅ Danmaku data (one) saved: 49 comments (1 per time)
2025-11-25 09:33:04,012 - INFO -  ✅Saving results...
2025-11-25 09:33:04,014 - INFO - ✅ Creating ComVi UI...
2025-11-25 09:33:04,026 - INFO - ✅ Danmaku UI created successfully!
2025-11-25 09:33:04,030 - INFO - ✅ Danmaku UI (one) created successfully!
2025-11-25 09:33:04,032 - INFO - ✅ Creating YouTube UI...
2025-11-25 09:33:04,037 - INFO - ✅ Creating YouTube UI (one)...
2025-11-25 09:33:04,042 - INFO - ✅ YouTube UI (one) created successfully!
2025-11-25 09:33:04,042 - INFO - ✅ All UIs created successfully!
2025-11-25 09:33:04,042 - INFO - ✅ Processing completed successfully
2025-11-25 09:33:04,042 - INFO - ✅ Results saved to: /source/minsunkim/comment/main/12_add_customization/output/1124/S7OWoc-j8qQ_none_0.068
2025-11-25 09:33:04,042 - INFO - ✅ 18.045273542404175 !!!!!!!!!!
