2025-11-25 09:29:07,373 - INFO - ✅ Starting processing for video ID: S7OWoc-j8qQ
2025-11-25 09:29:07,373 - INFO - ✅ Parameters: language=en, correlation_threshold=0.3, max_comments=100000
2025-11-25 09:29:07,373 - INFO - ✅ Output directory: /source/minsunkim/comment/main/12_add_customization/output/1124
2025-11-25 09:29:07,374 - INFO - ✅ Comment count: 1,951
2025-11-25 09:29:07,374 - INFO - ✅ Downloading comments...
2025-11-25 09:29:07,374 - INFO - ✅ Downloading YouTube video...
2025-11-25 09:29:07,374 - INFO - ✅ Attempting to download SRT file...
2025-11-25 09:29:11,150 - INFO - ✅ Generating SRT file...
2025-11-25 09:29:11,151 - INFO - ✅ Processing video ID: S7OWoc-j8qQ
2025-11-25 09:29:11,151 - INFO - ✅ Extracting keyframes...
2025-11-25 09:29:11,151 - INFO - ✅ Extracting video captions...
2025-11-25 09:29:11,151 - INFO - =============================
2025-11-25 09:29:11,151 - INFO - ===== Optimizing phase =====
2025-11-25 09:29:11,151 - INFO - =============================
2025-11-25 09:29:11,152 - INFO - ✅ Loading video information from yt-dlp JSON...
2025-11-25 09:29:11,152 - INFO - ✅ Starting comment optimization...
2025-11-25 09:29:11,217 - INFO - ✅ Comments count: 1695
2025-11-25 09:29:11,221 - INFO - Use pytorch device_name: cuda:0
2025-11-25 09:29:11,221 - INFO - Load pretrained SentenceTransformer: sentence-transformers/all-mpnet-base-v2
2025-11-25 09:29:28,944 - INFO - ✅✅✅✅✅✅✅ Computation time: 17.725496292114258
2025-11-25 09:29:28,945 - INFO - ✅ Creating danmaku data...
2025-11-25 09:29:28,956 - INFO - ✅ Danmaku data saved: 508 comments (20 per time)
2025-11-25 09:29:28,956 - INFO - ✅ Danmaku data (one) saved: 49 comments (1 per time)
2025-11-25 09:29:28,956 - INFO -  ✅Saving results...
2025-11-25 09:29:28,958 - INFO - ✅ Creating ComVi UI...
2025-11-25 09:29:28,971 - INFO - ✅ Danmaku UI created successfully!
2025-11-25 09:29:28,974 - INFO - ✅ Danmaku UI (one) created successfully!
2025-11-25 09:29:28,976 - INFO - ✅ Danmaku UI (one) created successfully!
2025-11-25 09:29:28,979 - INFO - ✅ Creating YouTube UI...
2025-11-25 09:29:28,984 - INFO - ✅ Creating YouTube UI (one)...
2025-11-25 09:29:28,989 - INFO - ✅ YouTube UI (one) created successfully!
2025-11-25 09:29:28,989 - INFO - ✅ All UIs created successfully!
2025-11-25 09:29:28,989 - INFO - ✅ Processing completed successfully
2025-11-25 09:29:28,989 - INFO - ✅ Results saved to: /source/minsunkim/comment/main/12_add_customization/output/1124/S7OWoc-j8qQ_none_0.068
2025-11-25 09:29:28,989 - INFO - ✅ 17.77029800415039 !!!!!!!!!!
