2025-11-24 13:02:38,248 - INFO - ✅ Starting processing for video ID: S7OWoc-j8qQ
2025-11-24 13:02:38,248 - INFO - ✅ Parameters: language=en, correlation_threshold=0.3, max_comments=100000
2025-11-24 13:02:38,248 - INFO - ✅ Output directory: /source/minsunkim/comment/main/12_add_customization/output/1124
2025-11-24 13:02:38,248 - INFO - ✅ Comment count: 1,950
2025-11-24 13:02:38,248 - INFO - ✅ Downloading comments...
2025-11-24 13:02:38,248 - INFO - ✅ Downloading YouTube video...
2025-11-24 13:02:38,248 - INFO - ✅ Attempting to download SRT file...
2025-11-24 13:02:43,182 - INFO - ✅ Generating SRT file...
2025-11-24 13:02:43,182 - INFO - ✅ Processing video ID: S7OWoc-j8qQ
2025-11-24 13:02:43,182 - INFO - ✅ Extracting keyframes...
2025-11-24 13:02:43,182 - INFO - ✅ Extracting video captions...
2025-11-24 13:02:43,182 - INFO - =============================
2025-11-24 13:02:43,182 - INFO - ===== Optimizing phase =====
2025-11-24 13:02:43,182 - INFO - =============================
2025-11-24 13:02:43,183 - INFO - ✅ Loading video information from yt-dlp JSON...
2025-11-24 13:02:43,183 - INFO - ✅ Starting comment optimization...
2025-11-24 13:02:43,249 - INFO - ✅ Comments count: 1695
2025-11-24 13:02:43,253 - INFO - Use pytorch device_name: cuda:0
2025-11-24 13:02:43,253 - INFO - Load pretrained SentenceTransformer: sentence-transformers/all-mpnet-base-v2
2025-11-24 13:03:01,639 - INFO - ✅✅✅✅✅✅✅ Computation time: 18.38795828819275
2025-11-24 13:03:01,639 - INFO - ✅ Creating danmaku data...
2025-11-24 13:03:01,651 - INFO - ✅ Danmaku data saved: 508 comments (20 per time)
2025-11-24 13:03:01,651 - INFO - ✅ Danmaku data (one) saved: 49 comments (1 per time)
2025-11-24 13:03:01,651 - INFO -  ✅Saving results...
2025-11-24 13:03:01,652 - INFO - ✅ Creating ComVi UI...
2025-11-24 13:03:01,665 - INFO - ✅ Danmaku UI created successfully!
2025-11-24 13:03:01,668 - INFO - ✅ Danmaku UI (one) created successfully!
2025-11-24 13:03:01,668 - INFO - ✅ All UIs created successfully!
2025-11-24 13:03:01,669 - INFO - ✅ Processing completed successfully
2025-11-24 13:03:01,669 - INFO - ✅ Results saved to: /source/minsunkim/comment/main/12_add_customization/output/1124/S7OWoc-j8qQ_none_0.068
2025-11-24 13:03:01,669 - INFO - ✅ 18.417606592178345 !!!!!!!!!!
