2025-11-24 13:05:45,516 - INFO - ✅ Starting processing for video ID: S7OWoc-j8qQ
2025-11-24 13:05:45,516 - INFO - ✅ Parameters: language=en, correlation_threshold=0.3, max_comments=100000
2025-11-24 13:05:45,516 - INFO - ✅ Output directory: /source/minsunkim/comment/main/12_add_customization/output/1124
2025-11-24 13:05:45,517 - INFO - ✅ Comment count: 1,950
2025-11-24 13:05:45,517 - INFO - ✅ Downloading comments...
2025-11-24 13:05:45,517 - INFO - ✅ Downloading YouTube video...
2025-11-24 13:05:45,517 - INFO - ✅ Attempting to download SRT file...
2025-11-24 13:05:49,973 - INFO - ✅ Generating SRT file...
2025-11-24 13:05:49,973 - INFO - ✅ Processing video ID: S7OWoc-j8qQ
2025-11-24 13:05:49,973 - INFO - ✅ Extracting keyframes...
2025-11-24 13:05:49,974 - INFO - ✅ Extracting video captions...
2025-11-24 13:05:49,974 - INFO - =============================
2025-11-24 13:05:49,974 - INFO - ===== Optimizing phase =====
2025-11-24 13:05:49,974 - INFO - =============================
2025-11-24 13:05:49,975 - INFO - ✅ Loading video information from yt-dlp JSON...
2025-11-24 13:05:49,975 - INFO - ✅ Starting comment optimization...
2025-11-24 13:05:50,040 - INFO - ✅ Comments count: 1695
2025-11-24 13:05:50,044 - INFO - Use pytorch device_name: cuda:0
2025-11-24 13:05:50,044 - INFO - Load pretrained SentenceTransformer: sentence-transformers/all-mpnet-base-v2
2025-11-24 13:06:07,927 - INFO - ✅✅✅✅✅✅✅ Computation time: 17.88442897796631
2025-11-24 13:06:07,927 - INFO - ✅ Creating danmaku data...
2025-11-24 13:06:07,939 - INFO - ✅ Danmaku data saved: 508 comments (20 per time)
2025-11-24 13:06:07,939 - INFO - ✅ Danmaku data (one) saved: 49 comments (1 per time)
2025-11-24 13:06:07,939 - INFO -  ✅Saving results...
2025-11-24 13:06:07,941 - INFO - ✅ Creating ComVi UI...
2025-11-24 13:06:07,954 - INFO - ✅ Danmaku UI created successfully!
2025-11-24 13:06:07,957 - INFO - ✅ Danmaku UI (one) created successfully!
2025-11-24 13:06:07,959 - INFO - ✅ Creating YouTube UI...
2025-11-24 13:06:07,965 - INFO - ✅ Creating YouTube UI (one)...
2025-11-24 13:06:07,970 - INFO - ✅ YouTube UI (one) created successfully!
2025-11-24 13:06:07,970 - INFO - ✅ All UIs created successfully!
2025-11-24 13:06:07,970 - INFO - ✅ Processing completed successfully
2025-11-24 13:06:07,970 - INFO - ✅ Results saved to: /source/minsunkim/comment/main/12_add_customization/output/1124/S7OWoc-j8qQ_none_0.068
2025-11-24 13:06:07,970 - INFO - ✅ 17.927674531936646 !!!!!!!!!!
