2025-11-24 13:07:47,137 - INFO - ✅ Starting processing for video ID: S7OWoc-j8qQ
2025-11-24 13:07:47,137 - INFO - ✅ Parameters: language=en, correlation_threshold=0.3, max_comments=100000
2025-11-24 13:07:47,137 - INFO - ✅ Output directory: /source/minsunkim/comment/main/12_add_customization/output/1124
2025-11-24 13:07:47,137 - INFO - ✅ Comment count: 1,950
2025-11-24 13:07:47,137 - INFO - ✅ Downloading comments...
2025-11-24 13:07:47,137 - INFO - ✅ Downloading YouTube video...
2025-11-24 13:07:47,137 - INFO - ✅ Attempting to download SRT file...
2025-11-24 13:07:51,212 - INFO - ✅ Generating SRT file...
2025-11-24 13:07:51,212 - INFO - ✅ Processing video ID: S7OWoc-j8qQ
2025-11-24 13:07:51,212 - INFO - ✅ Extracting keyframes...
2025-11-24 13:07:51,212 - INFO - ✅ Extracting video captions...
2025-11-24 13:07:51,213 - INFO - =============================
2025-11-24 13:07:51,213 - INFO - ===== Optimizing phase =====
2025-11-24 13:07:51,213 - INFO - =============================
2025-11-24 13:07:51,213 - INFO - ✅ Loading video information from yt-dlp JSON...
2025-11-24 13:07:51,214 - INFO - ✅ Starting comment optimization...
2025-11-24 13:07:51,285 - INFO - ✅ Comments count: 1695
2025-11-24 13:07:51,289 - INFO - Use pytorch device_name: cuda:0
2025-11-24 13:07:51,289 - INFO - Load pretrained SentenceTransformer: sentence-transformers/all-mpnet-base-v2
2025-11-24 13:08:09,001 - INFO - ✅✅✅✅✅✅✅ Computation time: 17.713632106781006
2025-11-24 13:08:09,001 - INFO - ✅ Creating danmaku data...
2025-11-24 13:08:09,013 - INFO - ✅ Danmaku data saved: 508 comments (20 per time)
2025-11-24 13:08:09,013 - INFO - ✅ Danmaku data (one) saved: 49 comments (1 per time)
2025-11-24 13:08:09,013 - INFO -  ✅Saving results...
2025-11-24 13:08:09,014 - INFO - ✅ Creating ComVi UI...
2025-11-24 13:08:09,028 - INFO - ✅ Danmaku UI created successfully!
2025-11-24 13:08:09,030 - INFO - ✅ Danmaku UI (one) created successfully!
2025-11-24 13:08:09,033 - INFO - ✅ Creating YouTube UI...
2025-11-24 13:08:09,038 - INFO - ✅ Creating YouTube UI (one)...
2025-11-24 13:08:09,043 - INFO - ✅ YouTube UI (one) created successfully!
2025-11-24 13:08:09,044 - INFO - ✅ All UIs created successfully!
2025-11-24 13:08:09,044 - INFO - ✅ Processing completed successfully
2025-11-24 13:08:09,044 - INFO - ✅ Results saved to: /source/minsunkim/comment/main/12_add_customization/output/1124/S7OWoc-j8qQ_none_0.068
2025-11-24 13:08:09,044 - INFO - ✅ 17.756170988082886 !!!!!!!!!!
