2025-11-27 09:57:26,022 - INFO - ✅ Starting processing for video ID: S7OWoc-j8qQ
2025-11-27 09:57:26,023 - INFO - ✅ Parameters: language=en, correlation_threshold=0.3, max_comments=100000
2025-11-27 09:57:26,023 - INFO - ✅ Output directory: /source/minsunkim/comment/main/12_add_customization/output/1127
2025-11-27 09:57:26,023 - INFO - ✅ Comment count: 1,954
2025-11-27 09:57:26,023 - INFO - ✅ Downloading comments...
2025-11-27 09:57:26,023 - INFO - ✅ Downloading YouTube video...
2025-11-27 09:57:26,023 - INFO - ✅ Attempting to download SRT file...
2025-11-27 09:57:29,695 - INFO - ✅ Generating SRT file...
2025-11-27 09:57:29,696 - INFO - ✅ Processing video ID: S7OWoc-j8qQ
2025-11-27 09:57:29,696 - INFO - ✅ Extracting keyframes...
2025-11-27 09:57:29,696 - INFO - ✅ Extracting video captions...
2025-11-27 09:57:29,696 - INFO - =============================
2025-11-27 09:57:29,696 - INFO - ===== Optimizing phase =====
2025-11-27 09:57:29,696 - INFO - =============================
2025-11-27 09:57:29,697 - INFO - ✅ Loading video information from yt-dlp JSON...
2025-11-27 09:57:29,697 - INFO - ✅ Starting comment optimization...
2025-11-27 09:57:29,759 - INFO - ✅ Comments count: 1695
2025-11-27 09:57:29,763 - INFO - Use pytorch device_name: cuda:0
2025-11-27 09:57:29,763 - INFO - Load pretrained SentenceTransformer: sentence-transformers/all-mpnet-base-v2
2025-11-27 09:57:47,995 - INFO - ✅✅✅✅✅✅✅ Computation time: 18.2337327003479
2025-11-27 09:57:47,995 - INFO - ✅ Creating danmaku data...
2025-11-27 09:57:48,007 - INFO - ✅ Danmaku data saved: 508 comments (20 per time)
2025-11-27 09:57:48,007 - INFO - ✅ Danmaku data (one) saved: 49 comments (1 per time)
2025-11-27 09:57:48,007 - INFO -  ✅Saving results...
2025-11-27 09:57:48,008 - INFO - ✅ Creating ComVi UI...
2025-11-27 09:57:48,021 - INFO - ✅ Danmaku UI created successfully!
2025-11-27 09:57:48,025 - INFO - ✅ Danmaku UI (one) created successfully!
2025-11-27 09:57:48,027 - INFO - ✅ Creating YouTube UI...
2025-11-27 09:57:48,032 - INFO - ✅ Creating YouTube UI (one)...
2025-11-27 09:57:48,038 - INFO - ✅ YouTube UI (one) created successfully!
2025-11-27 09:57:48,038 - INFO - ✅ All UIs created successfully!
2025-11-27 09:57:48,038 - INFO - ✅ Processing completed successfully
2025-11-27 09:57:48,038 - INFO - ✅ Results saved to: /source/minsunkim/comment/main/12_add_customization/output/1127/S7OWoc-j8qQ_none_0.068
2025-11-27 09:57:48,038 - INFO - ✅ 18.276527166366577 !!!!!!!!!!
