2025-11-27 09:34:01,816 - INFO - ✅ Starting processing for video ID: S7OWoc-j8qQ
2025-11-27 09:34:01,816 - INFO - ✅ Parameters: language=en, correlation_threshold=0.3, max_comments=100000
2025-11-27 09:34:01,816 - INFO - ✅ Output directory: /source/minsunkim/comment/main/12_add_customization/output/1127
2025-11-27 09:34:01,816 - INFO - ✅ Comment count: 1,954
2025-11-27 09:34:01,816 - INFO - ✅ Downloading comments...
2025-11-27 09:34:01,816 - INFO - ✅ Downloading YouTube video...
2025-11-27 09:34:01,816 - INFO - ✅ Attempting to download SRT file...
2025-11-27 09:34:06,511 - INFO - ✅ Generating SRT file...
2025-11-27 09:34:06,511 - INFO - ✅ Processing video ID: S7OWoc-j8qQ
2025-11-27 09:34:06,511 - INFO - ✅ Extracting keyframes...
2025-11-27 09:34:06,511 - INFO - ✅ Extracting video captions...
2025-11-27 09:34:06,511 - INFO - =============================
2025-11-27 09:34:06,512 - INFO - ===== Optimizing phase =====
2025-11-27 09:34:06,512 - INFO - =============================
2025-11-27 09:34:06,512 - INFO - ✅ Loading video information from yt-dlp JSON...
2025-11-27 09:34:06,512 - INFO - ✅ Starting comment optimization...
2025-11-27 09:34:06,586 - INFO - ✅ Comments count: 1695
2025-11-27 09:34:06,591 - INFO - Use pytorch device_name: cuda:0
2025-11-27 09:34:06,591 - INFO - Load pretrained SentenceTransformer: sentence-transformers/all-mpnet-base-v2
2025-11-27 09:34:24,810 - INFO - ✅✅✅✅✅✅✅ Computation time: 18.220498085021973
2025-11-27 09:34:24,810 - INFO - ✅ Creating danmaku data...
2025-11-27 09:34:24,822 - INFO - ✅ Danmaku data saved: 508 comments (20 per time)
2025-11-27 09:34:24,822 - INFO - ✅ Danmaku data (one) saved: 49 comments (1 per time)
2025-11-27 09:34:24,822 - INFO -  ✅Saving results...
2025-11-27 09:34:24,823 - INFO - ✅ Creating ComVi UI...
2025-11-27 09:34:24,836 - INFO - ✅ Danmaku UI created successfully!
2025-11-27 09:34:24,839 - INFO - ✅ Danmaku UI (one) created successfully!
2025-11-27 09:34:24,842 - INFO - ✅ Creating YouTube UI...
2025-11-27 09:34:24,847 - INFO - ✅ Creating YouTube UI (one)...
2025-11-27 09:34:24,853 - INFO - ✅ YouTube UI (one) created successfully!
2025-11-27 09:34:24,853 - INFO - ✅ All UIs created successfully!
2025-11-27 09:34:24,853 - INFO - ✅ Processing completed successfully
2025-11-27 09:34:24,853 - INFO - ✅ Results saved to: /source/minsunkim/comment/main/12_add_customization/output/1127/S7OWoc-j8qQ_none_0.068
2025-11-27 09:34:24,853 - INFO - ✅ 18.263436794281006 !!!!!!!!!!
