2025-11-26 19:55:01,850 - INFO - ✅ Starting processing for video ID: S7OWoc-j8qQ
2025-11-26 19:55:01,850 - INFO - ✅ Parameters: language=en, correlation_threshold=0.3, max_comments=100000
2025-11-26 19:55:01,850 - INFO - ✅ Output directory: /source/minsunkim/comment/main/12_add_customization/output/1127
2025-11-26 19:55:01,851 - INFO - ✅ Comment count: 1,954
2025-11-26 19:55:01,851 - INFO - ✅ Downloading comments...
2025-11-26 19:55:01,851 - INFO - ✅ Downloading YouTube video...
2025-11-26 19:55:01,851 - INFO - ✅ Attempting to download SRT file...
2025-11-26 19:55:05,481 - INFO - ✅ Generating SRT file...
2025-11-26 19:55:05,481 - INFO - ✅ Processing video ID: S7OWoc-j8qQ
2025-11-26 19:55:05,481 - INFO - ✅ Extracting keyframes...
2025-11-26 19:55:05,482 - INFO - ✅ Extracting video captions...
2025-11-26 19:55:05,482 - INFO - =============================
2025-11-26 19:55:05,482 - INFO - ===== Optimizing phase =====
2025-11-26 19:55:05,482 - INFO - =============================
2025-11-26 19:55:05,483 - INFO - ✅ Loading video information from yt-dlp JSON...
2025-11-26 19:55:05,483 - INFO - ✅ Starting comment optimization...
2025-11-26 19:55:05,547 - INFO - ✅ Comments count: 1695
2025-11-26 19:55:05,551 - INFO - Use pytorch device_name: cuda:0
2025-11-26 19:55:05,551 - INFO - Load pretrained SentenceTransformer: sentence-transformers/all-mpnet-base-v2
2025-11-26 19:55:22,506 - INFO - ✅✅✅✅✅✅✅ Computation time: 16.957325220108032
2025-11-26 19:55:22,507 - INFO - ✅ Creating danmaku data...
2025-11-26 19:55:22,518 - INFO - ✅ Danmaku data saved: 508 comments (20 per time)
2025-11-26 19:55:22,518 - INFO - ✅ Danmaku data (one) saved: 49 comments (1 per time)
2025-11-26 19:55:22,518 - INFO -  ✅Saving results...
2025-11-26 19:55:22,519 - INFO - ✅ Creating ComVi UI...
2025-11-26 19:55:22,532 - INFO - ✅ Danmaku UI created successfully!
2025-11-26 19:55:22,535 - INFO - ✅ Danmaku UI (one) created successfully!
2025-11-26 19:55:22,535 - INFO - ✅ All UIs created successfully!
2025-11-26 19:55:22,535 - INFO - ✅ Processing completed successfully
2025-11-26 19:55:22,535 - INFO - ✅ Results saved to: /source/minsunkim/comment/main/12_add_customization/output/1127/S7OWoc-j8qQ_none_0.068
2025-11-26 19:55:22,535 - INFO - ✅ 16.98631763458252 !!!!!!!!!!
