2025-11-27 06:55:43,036 - INFO - ✅ Starting processing for video ID: S7OWoc-j8qQ
2025-11-27 06:55:43,036 - INFO - ✅ Parameters: language=en, correlation_threshold=0.3, max_comments=100000
2025-11-27 06:55:43,036 - INFO - ✅ Output directory: /source/minsunkim/comment/main/12_add_customization/output/1127
2025-11-27 06:55:43,036 - INFO - ✅ Comment count: 1,954
2025-11-27 06:55:43,036 - INFO - ✅ Downloading comments...
2025-11-27 06:55:43,036 - INFO - ✅ Downloading YouTube video...
2025-11-27 06:55:43,036 - INFO - ✅ Attempting to download SRT file...
2025-11-27 06:55:46,691 - INFO - ✅ Generating SRT file...
2025-11-27 06:55:46,691 - INFO - ✅ Processing video ID: S7OWoc-j8qQ
2025-11-27 06:55:46,691 - INFO - ✅ Extracting keyframes...
2025-11-27 06:55:46,691 - INFO - ✅ Extracting video captions...
2025-11-27 06:55:46,691 - INFO - =============================
2025-11-27 06:55:46,691 - INFO - ===== Optimizing phase =====
2025-11-27 06:55:46,691 - INFO - =============================
2025-11-27 06:55:46,692 - INFO - ✅ Loading video information from yt-dlp JSON...
2025-11-27 06:55:46,692 - INFO - ✅ Starting comment optimization...
2025-11-27 06:55:46,753 - INFO - ✅ Comments count: 1695
2025-11-27 06:55:46,757 - INFO - Use pytorch device_name: cuda:0
2025-11-27 06:55:46,757 - INFO - Load pretrained SentenceTransformer: sentence-transformers/all-mpnet-base-v2
2025-11-27 06:56:04,910 - INFO - ✅✅✅✅✅✅✅ Computation time: 18.1541965007782
2025-11-27 06:56:04,910 - INFO - ✅ Creating danmaku data...
2025-11-27 06:56:04,922 - INFO - ✅ Danmaku data saved: 508 comments (20 per time)
2025-11-27 06:56:04,922 - INFO - ✅ Danmaku data (one) saved: 49 comments (1 per time)
2025-11-27 06:56:04,922 - INFO -  ✅Saving results...
2025-11-27 06:56:04,923 - INFO - ✅ Creating ComVi UI...
2025-11-27 06:56:04,937 - INFO - ✅ Danmaku UI created successfully!
2025-11-27 06:56:04,940 - INFO - ✅ Danmaku UI (one) created successfully!
2025-11-27 06:56:04,941 - INFO - file_cache is only supported with oauth2client<4.0.0
2025-11-27 06:56:13,003 - INFO - ✅ Creating YouTube UI...
2025-11-27 06:56:13,012 - INFO - ✅ Creating YouTube UI (one)...
2025-11-27 06:56:13,018 - INFO - ✅ YouTube UI (one) created successfully!
2025-11-27 06:56:13,018 - INFO - ✅ All UIs created successfully!
2025-11-27 06:56:13,018 - INFO - ✅ Processing completed successfully
2025-11-27 06:56:13,018 - INFO - ✅ Results saved to: /source/minsunkim/comment/main/12_add_customization/output/1127/S7OWoc-j8qQ_none_0.068
2025-11-27 06:56:13,019 - INFO - ✅ 26.263065099716187 !!!!!!!!!!
