2025-11-27 09:53:46,140 - INFO - ✅ Starting processing for video ID: S7OWoc-j8qQ
2025-11-27 09:53:46,140 - INFO - ✅ Parameters: language=en, correlation_threshold=0.3, max_comments=100000
2025-11-27 09:53:46,140 - INFO - ✅ Output directory: /source/minsunkim/comment/main/12_add_customization/output/1127
2025-11-27 09:53:46,140 - INFO - ✅ Comment count: 1,954
2025-11-27 09:53:46,140 - INFO - ✅ Downloading comments...
2025-11-27 09:53:46,140 - INFO - ✅ Downloading YouTube video...
2025-11-27 09:53:46,140 - INFO - ✅ Attempting to download SRT file...
2025-11-27 09:53:49,995 - INFO - ✅ Generating SRT file...
2025-11-27 09:53:49,995 - INFO - ✅ Processing video ID: S7OWoc-j8qQ
2025-11-27 09:53:49,995 - INFO - ✅ Extracting keyframes...
2025-11-27 09:53:49,996 - INFO - ✅ Extracting video captions...
2025-11-27 09:53:49,996 - INFO - =============================
2025-11-27 09:53:49,996 - INFO - ===== Optimizing phase =====
2025-11-27 09:53:49,996 - INFO - =============================
2025-11-27 09:53:49,997 - INFO - ✅ Loading video information from yt-dlp JSON...
2025-11-27 09:53:49,997 - INFO - ✅ Starting comment optimization...
2025-11-27 09:53:50,059 - INFO - ✅ Comments count: 1695
2025-11-27 09:53:50,063 - INFO - Use pytorch device_name: cuda:0
2025-11-27 09:53:50,063 - INFO - Load pretrained SentenceTransformer: sentence-transformers/all-mpnet-base-v2
2025-11-27 09:54:07,954 - INFO - ✅✅✅✅✅✅✅ Computation time: 17.893434047698975
2025-11-27 09:54:07,955 - INFO - ✅ Creating danmaku data...
2025-11-27 09:54:07,966 - INFO - ✅ Danmaku data saved: 508 comments (20 per time)
2025-11-27 09:54:07,967 - INFO - ✅ Danmaku data (one) saved: 49 comments (1 per time)
2025-11-27 09:54:07,967 - INFO -  ✅Saving results...
2025-11-27 09:54:07,968 - INFO - ✅ Creating ComVi UI...
2025-11-27 09:54:07,981 - INFO - ✅ Danmaku UI created successfully!
2025-11-27 09:54:07,984 - INFO - ✅ Danmaku UI (one) created successfully!
2025-11-27 09:54:07,986 - INFO - ✅ Creating YouTube UI...
2025-11-27 09:54:07,992 - INFO - ✅ Creating YouTube UI (one)...
2025-11-27 09:54:07,998 - INFO - ✅ YouTube UI (one) created successfully!
2025-11-27 09:54:07,998 - INFO - ✅ All UIs created successfully!
2025-11-27 09:54:07,998 - INFO - ✅ Processing completed successfully
2025-11-27 09:54:07,998 - INFO - ✅ Results saved to: /source/minsunkim/comment/main/12_add_customization/output/1127/S7OWoc-j8qQ_none_0.068
2025-11-27 09:54:07,998 - INFO - ✅ 17.937374591827393 !!!!!!!!!!
