2025-11-27 09:28:46,944 - INFO - ✅ Starting processing for video ID: S7OWoc-j8qQ
2025-11-27 09:28:46,944 - INFO - ✅ Parameters: language=en, correlation_threshold=0.3, max_comments=100000
2025-11-27 09:28:46,944 - INFO - ✅ Output directory: /source/minsunkim/comment/main/12_add_customization/output/1127
2025-11-27 09:28:46,944 - INFO - ✅ Comment count: 1,954
2025-11-27 09:28:46,944 - INFO - ✅ Downloading comments...
2025-11-27 09:28:46,944 - INFO - ✅ Downloading YouTube video...
2025-11-27 09:28:46,944 - INFO - ✅ Attempting to download SRT file...
2025-11-27 09:28:50,600 - INFO - ✅ Generating SRT file...
2025-11-27 09:28:50,600 - INFO - ✅ Processing video ID: S7OWoc-j8qQ
2025-11-27 09:28:50,601 - INFO - ✅ Extracting keyframes...
2025-11-27 09:28:50,601 - INFO - ✅ Extracting video captions...
2025-11-27 09:28:50,601 - INFO - =============================
2025-11-27 09:28:50,601 - INFO - ===== Optimizing phase =====
2025-11-27 09:28:50,601 - INFO - =============================
2025-11-27 09:28:50,601 - INFO - ✅ Loading video information from yt-dlp JSON...
2025-11-27 09:28:50,601 - INFO - ✅ Starting comment optimization...
2025-11-27 09:28:50,668 - INFO - ✅ Comments count: 1695
2025-11-27 09:28:50,672 - INFO - Use pytorch device_name: cuda:0
2025-11-27 09:28:50,672 - INFO - Load pretrained SentenceTransformer: sentence-transformers/all-mpnet-base-v2
2025-11-27 09:29:08,697 - INFO - ✅✅✅✅✅✅✅ Computation time: 18.027254581451416
2025-11-27 09:29:08,698 - INFO - ✅ Creating danmaku data...
2025-11-27 09:29:08,709 - INFO - ✅ Danmaku data saved: 508 comments (20 per time)
2025-11-27 09:29:08,709 - INFO - ✅ Danmaku data (one) saved: 49 comments (1 per time)
2025-11-27 09:29:08,709 - INFO -  ✅Saving results...
2025-11-27 09:29:08,710 - INFO - ✅ Creating ComVi UI...
2025-11-27 09:29:08,723 - INFO - ✅ Danmaku UI created successfully!
2025-11-27 09:29:08,727 - INFO - ✅ Danmaku UI (one) created successfully!
2025-11-27 09:29:08,729 - INFO - ✅ Creating YouTube UI...
2025-11-27 09:29:08,734 - INFO - ✅ Creating YouTube UI (one)...
2025-11-27 09:29:08,740 - INFO - ✅ YouTube UI (one) created successfully!
2025-11-27 09:29:08,740 - INFO - ✅ All UIs created successfully!
2025-11-27 09:29:08,740 - INFO - ✅ Processing completed successfully
2025-11-27 09:29:08,740 - INFO - ✅ Results saved to: /source/minsunkim/comment/main/12_add_customization/output/1127/S7OWoc-j8qQ_none_0.068
2025-11-27 09:29:08,740 - INFO - ✅ 18.070146560668945 !!!!!!!!!!
