2025-11-26 19:59:47,174 - INFO - ✅ Starting processing for video ID: S7OWoc-j8qQ
2025-11-26 19:59:47,174 - INFO - ✅ Parameters: language=en, correlation_threshold=0.3, max_comments=100000
2025-11-26 19:59:47,174 - INFO - ✅ Output directory: /source/minsunkim/comment/main/12_add_customization/output/1127
2025-11-26 19:59:47,174 - INFO - ✅ Comment count: 1,954
2025-11-26 19:59:47,174 - INFO - ✅ Downloading comments...
2025-11-26 19:59:47,175 - INFO - ✅ Downloading YouTube video...
2025-11-26 19:59:47,175 - INFO - ✅ Attempting to download SRT file...
2025-11-26 19:59:50,783 - INFO - ✅ Generating SRT file...
2025-11-26 19:59:50,783 - INFO - ✅ Processing video ID: S7OWoc-j8qQ
2025-11-26 19:59:50,783 - INFO - ✅ Extracting keyframes...
2025-11-26 19:59:50,783 - INFO - ✅ Extracting video captions...
2025-11-26 19:59:50,783 - INFO - =============================
2025-11-26 19:59:50,784 - INFO - ===== Optimizing phase =====
2025-11-26 19:59:50,784 - INFO - =============================
2025-11-26 19:59:50,785 - INFO - ✅ Loading video information from yt-dlp JSON...
2025-11-26 19:59:50,785 - INFO - ✅ Starting comment optimization...
2025-11-26 19:59:50,862 - INFO - ✅ Comments count: 1695
2025-11-26 19:59:50,865 - INFO - Use pytorch device_name: cuda:0
2025-11-26 19:59:50,865 - INFO - Load pretrained SentenceTransformer: sentence-transformers/all-mpnet-base-v2
2025-11-26 20:00:07,476 - INFO - ✅✅✅✅✅✅✅ Computation time: 16.612372636795044
2025-11-26 20:00:07,476 - INFO - ✅ Creating danmaku data...
2025-11-26 20:00:07,488 - INFO - ✅ Danmaku data saved: 508 comments (20 per time)
2025-11-26 20:00:07,488 - INFO - ✅ Danmaku data (one) saved: 49 comments (1 per time)
2025-11-26 20:00:07,488 - INFO -  ✅Saving results...
2025-11-26 20:00:07,489 - INFO - ✅ Creating ComVi UI...
2025-11-26 20:00:07,502 - INFO - ✅ Danmaku UI created successfully!
2025-11-26 20:00:07,505 - INFO - ✅ Danmaku UI (one) created successfully!
2025-11-26 20:00:07,507 - INFO - ✅ Creating YouTube UI...
2025-11-26 20:00:07,512 - INFO - ✅ Creating YouTube UI (one)...
2025-11-26 20:00:07,518 - INFO - ✅ YouTube UI (one) created successfully!
2025-11-26 20:00:07,518 - INFO - ✅ All UIs created successfully!
2025-11-26 20:00:07,518 - INFO - ✅ Processing completed successfully
2025-11-26 20:00:07,518 - INFO - ✅ Results saved to: /source/minsunkim/comment/main/12_add_customization/output/1127/S7OWoc-j8qQ_none_0.068
2025-11-26 20:00:07,518 - INFO - ✅ 16.654085636138916 !!!!!!!!!!
