2025-11-24 13:03:48,880 - INFO - ✅ Starting processing for video ID: S7OWoc-j8qQ
2025-11-24 13:03:48,880 - INFO - ✅ Parameters: language=en, correlation_threshold=0.3, max_comments=100000
2025-11-24 13:03:48,880 - INFO - ✅ Output directory: /source/minsunkim/comment/main/12_add_customization/output/1124
2025-11-24 13:03:48,880 - INFO - ✅ Comment count: 1,950
2025-11-24 13:03:48,880 - INFO - ✅ Downloading comments...
2025-11-24 13:03:48,880 - INFO - ✅ Downloading YouTube video...
2025-11-24 13:03:48,880 - INFO - ✅ Attempting to download SRT file...
2025-11-24 13:03:53,147 - INFO - ✅ Generating SRT file...
2025-11-24 13:03:53,147 - INFO - ✅ Processing video ID: S7OWoc-j8qQ
2025-11-24 13:03:53,147 - INFO - ✅ Extracting keyframes...
2025-11-24 13:03:53,148 - INFO - ✅ Extracting video captions...
2025-11-24 13:03:53,148 - INFO - =============================
2025-11-24 13:03:53,148 - INFO - ===== Optimizing phase =====
2025-11-24 13:03:53,148 - INFO - =============================
2025-11-24 13:03:53,149 - INFO - ✅ Loading video information from yt-dlp JSON...
2025-11-24 13:03:53,149 - INFO - ✅ Starting comment optimization...
2025-11-24 13:03:53,210 - INFO - ✅ Comments count: 1695
2025-11-24 13:03:53,213 - INFO - Use pytorch device_name: cuda:0
2025-11-24 13:03:53,214 - INFO - Load pretrained SentenceTransformer: sentence-transformers/all-mpnet-base-v2
2025-11-24 13:04:10,684 - INFO - ✅✅✅✅✅✅✅ Computation time: 17.47164511680603
2025-11-24 13:04:10,684 - INFO - ✅ Creating danmaku data...
2025-11-24 13:04:10,696 - INFO - ✅ Danmaku data saved: 508 comments (20 per time)
2025-11-24 13:04:10,696 - INFO - ✅ Danmaku data (one) saved: 49 comments (1 per time)
2025-11-24 13:04:10,696 - INFO -  ✅Saving results...
2025-11-24 13:04:10,697 - INFO - ✅ Creating ComVi UI...
2025-11-24 13:04:10,710 - INFO - ✅ Danmaku UI created successfully!
2025-11-24 13:04:10,713 - INFO - ✅ Danmaku UI (one) created successfully!
2025-11-24 13:04:10,715 - INFO - ✅ Creating YouTube UI...
2025-11-24 13:04:10,720 - INFO - ✅ Creating YouTube UI (one)...
2025-11-24 13:04:10,725 - INFO - ✅ YouTube UI (one) created successfully!
2025-11-24 13:04:10,725 - INFO - ✅ All UIs created successfully!
2025-11-24 13:04:10,725 - INFO - ✅ Processing completed successfully
2025-11-24 13:04:10,725 - INFO - ✅ Results saved to: /source/minsunkim/comment/main/12_add_customization/output/1124/S7OWoc-j8qQ_none_0.068
2025-11-24 13:04:10,725 - INFO - ✅ 17.513329029083252 !!!!!!!!!!
