2025-11-27 10:01:26,236 - INFO - ✅ Starting processing for video ID: S7OWoc-j8qQ
2025-11-27 10:01:26,236 - INFO - ✅ Parameters: language=en, correlation_threshold=0.3, max_comments=100000
2025-11-27 10:01:26,236 - INFO - ✅ Output directory: /source/minsunkim/comment/main/12_add_customization/output/1127
2025-11-27 10:01:26,236 - INFO - ✅ Comment count: 1,954
2025-11-27 10:01:26,236 - INFO - ✅ Downloading comments...
2025-11-27 10:01:26,236 - INFO - ✅ Downloading YouTube video...
2025-11-27 10:01:26,236 - INFO - ✅ Attempting to download SRT file...
2025-11-27 10:01:30,327 - INFO - ✅ Generating SRT file...
2025-11-27 10:01:30,327 - INFO - ✅ Processing video ID: S7OWoc-j8qQ
2025-11-27 10:01:30,327 - INFO - ✅ Extracting keyframes...
2025-11-27 10:01:30,327 - INFO - ✅ Extracting video captions...
2025-11-27 10:01:30,328 - INFO - =============================
2025-11-27 10:01:30,328 - INFO - ===== Optimizing phase =====
2025-11-27 10:01:30,328 - INFO - =============================
2025-11-27 10:01:30,328 - INFO - ✅ Loading video information from yt-dlp JSON...
2025-11-27 10:01:30,328 - INFO - ✅ Starting comment optimization...
2025-11-27 10:01:30,398 - INFO - ✅ Comments count: 1695
2025-11-27 10:01:30,402 - INFO - Use pytorch device_name: cuda:0
2025-11-27 10:01:30,402 - INFO - Load pretrained SentenceTransformer: sentence-transformers/all-mpnet-base-v2
2025-11-27 10:01:48,396 - INFO - ✅✅✅✅✅✅✅ Computation time: 17.995266437530518
2025-11-27 10:01:48,396 - INFO - ✅ Creating danmaku data...
2025-11-27 10:01:48,407 - INFO - ✅ Danmaku data saved: 508 comments (20 per time)
2025-11-27 10:01:48,408 - INFO - ✅ Danmaku data (one) saved: 49 comments (1 per time)
2025-11-27 10:01:48,408 - INFO -  ✅Saving results...
2025-11-27 10:01:48,409 - INFO - ✅ Creating ComVi UI...
2025-11-27 10:01:48,422 - INFO - ✅ Danmaku UI created successfully!
2025-11-27 10:01:48,425 - INFO - ✅ Danmaku UI (one) created successfully!
2025-11-27 10:01:48,428 - INFO - ✅ Creating YouTube UI...
2025-11-27 10:01:48,433 - INFO - ✅ Creating YouTube UI (one)...
2025-11-27 10:01:48,438 - INFO - ✅ YouTube UI (one) created successfully!
2025-11-27 10:01:48,439 - INFO - ✅ All UIs created successfully!
2025-11-27 10:01:48,439 - INFO - ✅ Processing completed successfully
2025-11-27 10:01:48,439 - INFO - ✅ Results saved to: /source/minsunkim/comment/main/12_add_customization/output/1127/S7OWoc-j8qQ_none_0.068
2025-11-27 10:01:48,439 - INFO - ✅ 18.038266897201538 !!!!!!!!!!
