2025-11-27 09:47:27,564 - INFO - ✅ Starting processing for video ID: S7OWoc-j8qQ
2025-11-27 09:47:27,565 - INFO - ✅ Parameters: language=en, correlation_threshold=0.3, max_comments=100000
2025-11-27 09:47:27,565 - INFO - ✅ Output directory: /source/minsunkim/comment/main/12_add_customization/output/1127
2025-11-27 09:47:27,565 - INFO - ✅ Comment count: 1,954
2025-11-27 09:47:27,565 - INFO - ✅ Downloading comments...
2025-11-27 09:47:27,565 - INFO - ✅ Downloading YouTube video...
2025-11-27 09:47:27,565 - INFO - ✅ Attempting to download SRT file...
2025-11-27 09:47:31,415 - INFO - ✅ Generating SRT file...
2025-11-27 09:47:31,415 - INFO - ✅ Processing video ID: S7OWoc-j8qQ
2025-11-27 09:47:31,415 - INFO - ✅ Extracting keyframes...
2025-11-27 09:47:31,415 - INFO - ✅ Extracting video captions...
2025-11-27 09:47:31,415 - INFO - =============================
2025-11-27 09:47:31,415 - INFO - ===== Optimizing phase =====
2025-11-27 09:47:31,416 - INFO - =============================
2025-11-27 09:47:31,416 - INFO - ✅ Loading video information from yt-dlp JSON...
2025-11-27 09:47:31,416 - INFO - ✅ Starting comment optimization...
2025-11-27 09:47:31,487 - INFO - ✅ Comments count: 1695
2025-11-27 09:47:31,491 - INFO - Use pytorch device_name: cuda:0
2025-11-27 09:47:31,491 - INFO - Load pretrained SentenceTransformer: sentence-transformers/all-mpnet-base-v2
2025-11-27 09:47:49,472 - INFO - ✅✅✅✅✅✅✅ Computation time: 17.982617378234863
2025-11-27 09:47:49,472 - INFO - ✅ Creating danmaku data...
2025-11-27 09:47:49,484 - INFO - ✅ Danmaku data saved: 508 comments (20 per time)
2025-11-27 09:47:49,484 - INFO - ✅ Danmaku data (one) saved: 49 comments (1 per time)
2025-11-27 09:47:49,484 - INFO -  ✅Saving results...
2025-11-27 09:47:49,485 - INFO - ✅ Creating ComVi UI...
2025-11-27 09:47:49,498 - INFO - ✅ Danmaku UI created successfully!
2025-11-27 09:47:49,501 - INFO - ✅ Danmaku UI (one) created successfully!
2025-11-27 09:47:49,504 - INFO - ✅ Creating YouTube UI...
2025-11-27 09:47:49,509 - INFO - ✅ Creating YouTube UI (one)...
2025-11-27 09:47:49,515 - INFO - ✅ YouTube UI (one) created successfully!
2025-11-27 09:47:49,515 - INFO - ✅ All UIs created successfully!
2025-11-27 09:47:49,515 - INFO - ✅ Processing completed successfully
2025-11-27 09:47:49,515 - INFO - ✅ Results saved to: /source/minsunkim/comment/main/12_add_customization/output/1127/S7OWoc-j8qQ_none_0.068
2025-11-27 09:47:49,516 - INFO - ✅ 18.02633309364319 !!!!!!!!!!
