2025-11-25 09:37:53,883 - INFO - ✅ Starting processing for video ID: RQmqcaS5LIM
2025-11-25 09:37:53,883 - INFO - ✅ Parameters: language=en, correlation_threshold=0.3, max_comments=100000
2025-11-25 09:37:53,883 - INFO - ✅ Output directory: /source/minsunkim/comment/main/12_add_customization/output/1124
2025-11-25 09:37:53,883 - INFO - ✅ Comment count: 13,103
2025-11-25 09:37:53,883 - INFO - ✅ Downloading comments...
2025-11-25 09:37:53,883 - INFO - ✅ Downloading YouTube video...
2025-11-25 09:37:53,883 - INFO - ✅ Attempting to download SRT file...
2025-11-25 09:37:57,657 - INFO - ✅ Generating SRT file...
2025-11-25 09:37:57,658 - INFO - ✅ Processing video ID: RQmqcaS5LIM
2025-11-25 09:37:57,658 - INFO - ✅ Extracting keyframes...
2025-11-25 09:37:57,658 - INFO - ✅ Extracting video captions...
2025-11-25 09:37:57,658 - INFO - =============================
2025-11-25 09:37:57,658 - INFO - ===== Optimizing phase =====
2025-11-25 09:37:57,658 - INFO - =============================
2025-11-25 09:37:57,662 - INFO - ✅ Loading video information from yt-dlp JSON...
2025-11-25 09:37:57,663 - INFO - ✅ Starting comment optimization...
2025-11-25 09:37:57,982 - INFO - ✅ Comments count: 10563
2025-11-25 09:37:57,998 - INFO - Use pytorch device_name: cuda:0
2025-11-25 09:37:57,998 - INFO - Load pretrained SentenceTransformer: sentence-transformers/all-mpnet-base-v2
2025-11-25 09:40:28,082 - INFO - ✅✅✅✅✅✅✅ Computation time: 150.08568358421326
2025-11-25 09:40:28,082 - INFO - ✅ Creating danmaku data...
2025-11-25 09:40:28,252 - INFO - ✅ Danmaku data saved: 1927 comments (20 per time)
2025-11-25 09:40:28,252 - INFO - ✅ Danmaku data (one) saved: 151 comments (1 per time)
2025-11-25 09:40:28,252 - INFO -  ✅Saving results...
2025-11-25 09:40:28,254 - INFO - ✅ Creating ComVi UI...
2025-11-25 09:40:28,271 - INFO - ✅ Danmaku UI created successfully!
2025-11-25 09:40:28,274 - INFO - ✅ Danmaku UI (one) created successfully!
2025-11-25 09:40:28,277 - INFO - ✅ Creating YouTube UI...
2025-11-25 09:40:28,282 - INFO - ✅ Creating YouTube UI (one)...
2025-11-25 09:40:28,288 - INFO - ✅ YouTube UI (one) created successfully!
2025-11-25 09:40:28,288 - INFO - ✅ All UIs created successfully!
2025-11-25 09:40:28,288 - INFO - ✅ Processing completed successfully
2025-11-25 09:40:28,288 - INFO - ✅ Results saved to: /source/minsunkim/comment/main/12_add_customization/output/1124/RQmqcaS5LIM_none_0.068
2025-11-25 09:40:28,288 - INFO - ✅ 150.291654586792 !!!!!!!!!!
