2025-11-27 07:01:12,568 - INFO - ✅ Starting processing for video ID: RQmqcaS5LIM
2025-11-27 07:01:12,568 - INFO - ✅ Parameters: language=en, correlation_threshold=0.3, max_comments=100000
2025-11-27 07:01:12,568 - INFO - ✅ Output directory: /source/minsunkim/comment/main/12_add_customization/output/1127
2025-11-27 07:01:12,568 - INFO - ✅ Comment count: 13,104
2025-11-27 07:01:12,568 - INFO - ✅ Downloading comments...
2025-11-27 07:01:12,568 - INFO - ✅ Downloading YouTube video...
2025-11-27 07:01:12,568 - INFO - ✅ Attempting to download SRT file...
2025-11-27 07:01:16,063 - INFO - ✅ Generating SRT file...
2025-11-27 07:01:16,063 - INFO - ✅ Processing video ID: RQmqcaS5LIM
2025-11-27 07:01:16,063 - INFO - ✅ Extracting keyframes...
2025-11-27 07:01:16,064 - INFO - ✅ Extracting video captions...
2025-11-27 07:01:16,064 - INFO - =============================
2025-11-27 07:01:16,064 - INFO - ===== Optimizing phase =====
2025-11-27 07:01:16,064 - INFO - =============================
2025-11-27 07:01:16,071 - INFO - ✅ Loading video information from yt-dlp JSON...
2025-11-27 07:01:16,071 - INFO - ✅ Starting comment optimization...
2025-11-27 07:01:16,391 - INFO - ✅ Comments count: 10563
2025-11-27 07:01:16,407 - INFO - Use pytorch device_name: cuda:0
2025-11-27 07:01:16,407 - INFO - Load pretrained SentenceTransformer: sentence-transformers/all-mpnet-base-v2
2025-11-27 07:03:50,061 - INFO - ✅✅✅✅✅✅✅ Computation time: 153.6553840637207
2025-11-27 07:03:50,061 - INFO - ✅ Creating danmaku data...
2025-11-27 07:03:50,205 - INFO - ✅ Danmaku data saved: 1927 comments (20 per time)
2025-11-27 07:03:50,205 - INFO - ✅ Danmaku data (one) saved: 151 comments (1 per time)
2025-11-27 07:03:50,205 - INFO -  ✅Saving results...
2025-11-27 07:03:50,206 - INFO - ✅ Creating ComVi UI...
2025-11-27 07:03:50,223 - INFO - ✅ Danmaku UI created successfully!
2025-11-27 07:03:50,227 - INFO - ✅ Danmaku UI (one) created successfully!
2025-11-27 07:03:50,227 - INFO - file_cache is only supported with oauth2client<4.0.0
2025-11-27 07:03:58,218 - INFO - ✅ Creating YouTube UI...
2025-11-27 07:03:58,225 - INFO - ✅ Creating YouTube UI (one)...
2025-11-27 07:03:58,231 - INFO - ✅ YouTube UI (one) created successfully!
2025-11-27 07:03:58,231 - INFO - ✅ All UIs created successfully!
2025-11-27 07:03:58,231 - INFO - ✅ Processing completed successfully
2025-11-27 07:03:58,231 - INFO - ✅ Results saved to: /source/minsunkim/comment/main/12_add_customization/output/1127/RQmqcaS5LIM_none_0.068
2025-11-27 07:03:58,231 - INFO - ✅ 161.82558512687683 !!!!!!!!!!
