2025-11-26 20:13:05,312 - INFO - ✅ Starting processing for video ID: RQmqcaS5LIM
2025-11-26 20:13:05,312 - INFO - ✅ Parameters: language=en, correlation_threshold=0.3, max_comments=100000
2025-11-26 20:13:05,312 - INFO - ✅ Output directory: /source/minsunkim/comment/main/12_add_customization/output/1127
2025-11-26 20:13:05,313 - INFO - ✅ Comment count: 13,103
2025-11-26 20:13:05,313 - INFO - ✅ Downloading comments...
2025-11-26 20:13:05,313 - INFO - ✅ Downloading YouTube video...
2025-11-26 20:13:05,313 - INFO - ✅ Attempting to download SRT file...
2025-11-26 20:13:09,321 - INFO - ✅ Generating SRT file...
2025-11-26 20:13:09,321 - INFO - ✅ Processing video ID: RQmqcaS5LIM
2025-11-26 20:13:09,321 - INFO - ✅ Extracting keyframes...
2025-11-26 20:13:09,322 - INFO - ✅ Extracting video captions...
2025-11-26 20:13:09,322 - INFO - =============================
2025-11-26 20:13:09,322 - INFO - ===== Optimizing phase =====
2025-11-26 20:13:09,322 - INFO - =============================
2025-11-26 20:13:09,326 - INFO - ✅ Loading video information from yt-dlp JSON...
2025-11-26 20:13:09,326 - INFO - ✅ Starting comment optimization...
2025-11-26 20:13:09,634 - INFO - ✅ Comments count: 10563
2025-11-26 20:13:09,650 - INFO - Use pytorch device_name: cuda:0
2025-11-26 20:13:09,650 - INFO - Load pretrained SentenceTransformer: sentence-transformers/all-mpnet-base-v2
2025-11-26 20:15:41,561 - INFO - ✅✅✅✅✅✅✅ Computation time: 151.91290807724
2025-11-26 20:15:41,561 - INFO - ✅ Creating danmaku data...
2025-11-26 20:15:41,711 - INFO - ✅ Danmaku data saved: 1927 comments (20 per time)
2025-11-26 20:15:41,711 - INFO - ✅ Danmaku data (one) saved: 151 comments (1 per time)
2025-11-26 20:15:41,711 - INFO -  ✅Saving results...
2025-11-26 20:15:41,712 - INFO - ✅ Creating ComVi UI...
2025-11-26 20:15:41,729 - INFO - ✅ Danmaku UI created successfully!
2025-11-26 20:15:41,732 - INFO - ✅ Danmaku UI (one) created successfully!
2025-11-26 20:15:41,735 - INFO - ✅ Creating YouTube UI...
2025-11-26 20:15:41,741 - INFO - ✅ Creating YouTube UI (one)...
2025-11-26 20:15:41,746 - INFO - ✅ YouTube UI (one) created successfully!
2025-11-26 20:15:41,746 - INFO - ✅ All UIs created successfully!
2025-11-26 20:15:41,746 - INFO - ✅ Processing completed successfully
2025-11-26 20:15:41,747 - INFO - ✅ Results saved to: /source/minsunkim/comment/main/12_add_customization/output/1127/RQmqcaS5LIM_none_0.068
2025-11-26 20:15:41,747 - INFO - ✅ 152.09844970703125 !!!!!!!!!!
