2025-11-25 05:36:25,552 - INFO - ✅ Starting processing for video ID: RQmqcaS5LIM
2025-11-25 05:36:25,552 - INFO - ✅ Parameters: language=en, correlation_threshold=0.3, max_comments=100000
2025-11-25 05:36:25,552 - INFO - ✅ Output directory: /source/minsunkim/comment/main/12_add_customization/output/1124
2025-11-25 05:36:25,552 - INFO - ✅ Comment count: 13,101
2025-11-25 05:36:25,552 - INFO - ✅ Downloading comments...
2025-11-25 05:36:25,553 - INFO - ✅ Downloading YouTube video...
2025-11-25 05:36:25,553 - INFO - ✅ Attempting to download SRT file...
2025-11-25 05:36:29,100 - INFO - ✅ Generating SRT file...
2025-11-25 05:36:29,100 - INFO - ✅ Processing video ID: RQmqcaS5LIM
2025-11-25 05:36:29,100 - INFO - ✅ Extracting keyframes...
2025-11-25 05:36:29,100 - INFO - ✅ Extracting video captions...
2025-11-25 05:36:29,100 - INFO - =============================
2025-11-25 05:36:29,100 - INFO - ===== Optimizing phase =====
2025-11-25 05:36:29,100 - INFO - =============================
2025-11-25 05:36:29,105 - INFO - ✅ Loading video information from yt-dlp JSON...
2025-11-25 05:36:29,105 - INFO - ✅ Starting comment optimization...
2025-11-25 05:36:29,439 - INFO - ✅ Comments count: 10563
2025-11-25 05:36:29,456 - INFO - Use pytorch device_name: cuda:0
2025-11-25 05:36:29,456 - INFO - Load pretrained SentenceTransformer: sentence-transformers/all-mpnet-base-v2
2025-11-25 05:39:02,426 - INFO - ✅✅✅✅✅✅✅ Computation time: 152.97222590446472
2025-11-25 05:39:02,426 - INFO - ✅ Creating danmaku data...
2025-11-25 05:39:02,587 - INFO - ✅ Danmaku data saved: 1927 comments (20 per time)
2025-11-25 05:39:02,587 - INFO - ✅ Danmaku data (one) saved: 151 comments (1 per time)
2025-11-25 05:39:02,587 - INFO -  ✅Saving results...
2025-11-25 05:39:02,588 - INFO - ✅ Creating ComVi UI...
2025-11-25 05:39:02,606 - INFO - ✅ Danmaku UI created successfully!
2025-11-25 05:39:02,609 - INFO - ✅ Danmaku UI (one) created successfully!
2025-11-25 05:39:02,612 - INFO - ✅ Creating YouTube UI...
2025-11-25 05:39:02,618 - INFO - ✅ Creating YouTube UI (one)...
2025-11-25 05:39:02,623 - INFO - ✅ YouTube UI (one) created successfully!
2025-11-25 05:39:02,623 - INFO - ✅ All UIs created successfully!
2025-11-25 05:39:02,623 - INFO - ✅ Processing completed successfully
2025-11-25 05:39:02,623 - INFO - ✅ Results saved to: /source/minsunkim/comment/main/12_add_customization/output/1124/RQmqcaS5LIM_none_0.068
2025-11-25 05:39:02,623 - INFO - ✅ 153.16929697990417 !!!!!!!!!!
