2025-11-27 10:06:40,688 - INFO - ✅ Starting processing for video ID: RQmqcaS5LIM
2025-11-27 10:06:40,688 - INFO - ✅ Parameters: language=en, correlation_threshold=0.3, max_comments=100000
2025-11-27 10:06:40,688 - INFO - ✅ Output directory: /source/minsunkim/comment/main/12_add_customization/output/1127
2025-11-27 10:06:40,688 - INFO - ✅ Comment count: 13,104
2025-11-27 10:06:40,688 - INFO - ✅ Downloading comments...
2025-11-27 10:06:40,688 - INFO - ✅ Downloading YouTube video...
2025-11-27 10:06:40,688 - INFO - ✅ Attempting to download SRT file...
2025-11-27 10:06:44,531 - INFO - ✅ Generating SRT file...
2025-11-27 10:06:44,531 - INFO - ✅ Processing video ID: RQmqcaS5LIM
2025-11-27 10:06:44,531 - INFO - ✅ Extracting keyframes...
2025-11-27 10:06:44,531 - INFO - ✅ Extracting video captions...
2025-11-27 10:06:44,532 - INFO - =============================
2025-11-27 10:06:44,532 - INFO - ===== Optimizing phase =====
2025-11-27 10:06:44,532 - INFO - =============================
2025-11-27 10:06:44,534 - INFO - ✅ Loading video information from yt-dlp JSON...
2025-11-27 10:06:44,534 - INFO - ✅ Starting comment optimization...
2025-11-27 10:06:44,838 - INFO - ✅ Comments count: 10563
2025-11-27 10:06:44,855 - INFO - Use pytorch device_name: cuda:0
2025-11-27 10:06:44,855 - INFO - Load pretrained SentenceTransformer: sentence-transformers/all-mpnet-base-v2
2025-11-27 10:09:16,276 - INFO - ✅✅✅✅✅✅✅ Computation time: 151.4231526851654
2025-11-27 10:09:16,277 - INFO - ✅ Creating danmaku data...
2025-11-27 10:09:16,444 - INFO - ✅ Danmaku data saved: 1927 comments (20 per time)
2025-11-27 10:09:16,445 - INFO - ✅ Danmaku data (one) saved: 151 comments (1 per time)
2025-11-27 10:09:16,445 - INFO -  ✅Saving results...
2025-11-27 10:09:16,446 - INFO - ✅ Creating ComVi UI...
2025-11-27 10:09:16,463 - INFO - ✅ Danmaku UI created successfully!
2025-11-27 10:09:16,467 - INFO - ✅ Danmaku UI (one) created successfully!
2025-11-27 10:09:16,473 - INFO - ✅ Creating YouTube UI...
2025-11-27 10:09:16,479 - INFO - ✅ Creating YouTube UI (one)...
2025-11-27 10:09:16,485 - INFO - ✅ YouTube UI (one) created successfully!
2025-11-27 10:09:16,485 - INFO - ✅ All UIs created successfully!
2025-11-27 10:09:16,485 - INFO - ✅ Processing completed successfully
2025-11-27 10:09:16,485 - INFO - ✅ Results saved to: /source/minsunkim/comment/main/12_add_customization/output/1127/RQmqcaS5LIM_none_0.068
2025-11-27 10:09:16,485 - INFO - ✅ 151.63207006454468 !!!!!!!!!!
