2025-11-27 10:01:56,507 - INFO - ✅ Starting processing for video ID: wFKBN3MGUGI
2025-11-27 10:01:56,507 - INFO - ✅ Parameters: language=en, correlation_threshold=0.3, max_comments=100000
2025-11-27 10:01:56,507 - INFO - ✅ Output directory: /source/minsunkim/comment/main/12_add_customization/output/1127
2025-11-27 10:01:56,507 - INFO - ✅ Comment count: 23,062
2025-11-27 10:01:56,507 - INFO - ✅ Downloading comments...
2025-11-27 10:01:56,507 - INFO - ✅ Downloading YouTube video...
2025-11-27 10:01:56,510 - INFO - ✅ Attempting to download SRT file...
2025-11-27 10:02:01,443 - INFO - ✅ Generating SRT file...
2025-11-27 10:02:01,443 - INFO - ✅ Processing video ID: wFKBN3MGUGI
2025-11-27 10:02:01,443 - INFO - ✅ Extracting keyframes...
2025-11-27 10:02:01,444 - INFO - ✅ Extracting video captions...
2025-11-27 10:02:01,444 - INFO - =============================
2025-11-27 10:02:01,444 - INFO - ===== Optimizing phase =====
2025-11-27 10:02:01,444 - INFO - =============================
2025-11-27 10:02:01,445 - INFO - ✅ Loading video information from yt-dlp JSON...
2025-11-27 10:02:01,445 - INFO - ✅ Starting comment optimization...
2025-11-27 10:02:02,019 - INFO - ✅ Comments count: 19464
2025-11-27 10:02:02,050 - INFO - Use pytorch device_name: cuda:0
2025-11-27 10:02:02,051 - INFO - Load pretrained SentenceTransformer: sentence-transformers/all-mpnet-base-v2
2025-11-27 10:06:25,305 - INFO - ✅✅✅✅✅✅✅ Computation time: 263.2565803527832
2025-11-27 10:06:25,306 - INFO - ✅ Creating danmaku data...
2025-11-27 10:06:25,487 - INFO - ✅ Danmaku data saved: 1620 comments (20 per time)
2025-11-27 10:06:25,488 - INFO - ✅ Danmaku data (one) saved: 107 comments (1 per time)
2025-11-27 10:06:25,488 - INFO -  ✅Saving results...
2025-11-27 10:06:25,489 - INFO - ✅ Creating ComVi UI...
2025-11-27 10:06:25,505 - INFO - ✅ Danmaku UI created successfully!
2025-11-27 10:06:25,509 - INFO - ✅ Danmaku UI (one) created successfully!
2025-11-27 10:06:25,511 - INFO - ✅ Creating YouTube UI...
2025-11-27 10:06:25,517 - INFO - ✅ Creating YouTube UI (one)...
2025-11-27 10:06:25,523 - INFO - ✅ YouTube UI (one) created successfully!
2025-11-27 10:06:25,523 - INFO - ✅ All UIs created successfully!
2025-11-27 10:06:25,523 - INFO - ✅ Processing completed successfully
2025-11-27 10:06:25,523 - INFO - ✅ Results saved to: /source/minsunkim/comment/main/12_add_customization/output/1127/wFKBN3MGUGI_none_0.068
2025-11-27 10:06:25,523 - INFO - ✅ 263.4742980003357 !!!!!!!!!!
