2025-11-25 05:31:41,955 - INFO - ✅ Starting processing for video ID: wFKBN3MGUGI
2025-11-25 05:31:41,955 - INFO - ✅ Parameters: language=en, correlation_threshold=0.3, max_comments=100000
2025-11-25 05:31:41,955 - INFO - ✅ Output directory: /source/minsunkim/comment/main/12_add_customization/output/1124
2025-11-25 05:31:41,955 - INFO - ✅ Comment count: 23,057
2025-11-25 05:31:41,956 - INFO - ✅ Downloading comments...
2025-11-25 05:31:41,956 - INFO - ✅ Downloading YouTube video...
2025-11-25 05:31:41,956 - INFO - ✅ Attempting to download SRT file...
2025-11-25 05:31:47,004 - INFO - ✅ Generating SRT file...
2025-11-25 05:31:47,005 - INFO - ✅ Processing video ID: wFKBN3MGUGI
2025-11-25 05:31:47,005 - INFO - ✅ Extracting keyframes...
2025-11-25 05:31:47,005 - INFO - ✅ Extracting video captions...
2025-11-25 05:31:47,005 - INFO - =============================
2025-11-25 05:31:47,005 - INFO - ===== Optimizing phase =====
2025-11-25 05:31:47,005 - INFO - =============================
2025-11-25 05:31:47,008 - INFO - ✅ Loading video information from yt-dlp JSON...
2025-11-25 05:31:47,008 - INFO - ✅ Starting comment optimization...
2025-11-25 05:31:47,601 - INFO - ✅ Comments count: 19464
2025-11-25 05:31:47,633 - INFO - Use pytorch device_name: cuda:0
2025-11-25 05:31:47,633 - INFO - Load pretrained SentenceTransformer: sentence-transformers/all-mpnet-base-v2
2025-11-25 05:36:10,427 - INFO - ✅✅✅✅✅✅✅ Computation time: 262.79576301574707
2025-11-25 05:36:10,427 - INFO - ✅ Creating danmaku data...
2025-11-25 05:36:10,607 - INFO - ✅ Danmaku data saved: 1620 comments (20 per time)
2025-11-25 05:36:10,607 - INFO - ✅ Danmaku data (one) saved: 107 comments (1 per time)
2025-11-25 05:36:10,607 - INFO -  ✅Saving results...
2025-11-25 05:36:10,608 - INFO - ✅ Creating ComVi UI...
2025-11-25 05:36:10,624 - INFO - ✅ Danmaku UI created successfully!
2025-11-25 05:36:10,627 - INFO - ✅ Danmaku UI (one) created successfully!
2025-11-25 05:36:10,630 - INFO - ✅ Creating YouTube UI...
2025-11-25 05:36:10,636 - INFO - ✅ Creating YouTube UI (one)...
2025-11-25 05:36:10,641 - INFO - ✅ YouTube UI (one) created successfully!
2025-11-25 05:36:10,641 - INFO - ✅ All UIs created successfully!
2025-11-25 05:36:10,641 - INFO - ✅ Processing completed successfully
2025-11-25 05:36:10,641 - INFO - ✅ Results saved to: /source/minsunkim/comment/main/12_add_customization/output/1124/wFKBN3MGUGI_none_0.068
2025-11-25 05:36:10,642 - INFO - ✅ 263.0103476047516 !!!!!!!!!!
