2025-11-25 09:33:11,610 - INFO - ✅ Starting processing for video ID: wFKBN3MGUGI
2025-11-25 09:33:11,610 - INFO - ✅ Parameters: language=en, correlation_threshold=0.3, max_comments=100000
2025-11-25 09:33:11,610 - INFO - ✅ Output directory: /source/minsunkim/comment/main/12_add_customization/output/1124
2025-11-25 09:33:11,610 - INFO - ✅ Comment count: 23,057
2025-11-25 09:33:11,610 - INFO - ✅ Downloading comments...
2025-11-25 09:33:11,610 - INFO - ✅ Downloading YouTube video...
2025-11-25 09:33:11,610 - INFO - ✅ Attempting to download SRT file...
2025-11-25 09:33:15,876 - INFO - ✅ Generating SRT file...
2025-11-25 09:33:15,876 - INFO - ✅ Processing video ID: wFKBN3MGUGI
2025-11-25 09:33:15,876 - INFO - ✅ Extracting keyframes...
2025-11-25 09:33:15,877 - INFO - ✅ Extracting video captions...
2025-11-25 09:33:15,877 - INFO - =============================
2025-11-25 09:33:15,877 - INFO - ===== Optimizing phase =====
2025-11-25 09:33:15,877 - INFO - =============================
2025-11-25 09:33:15,879 - INFO - ✅ Loading video information from yt-dlp JSON...
2025-11-25 09:33:15,879 - INFO - ✅ Starting comment optimization...
2025-11-25 09:33:16,453 - INFO - ✅ Comments count: 19464
2025-11-25 09:33:16,487 - INFO - Use pytorch device_name: cuda:0
2025-11-25 09:33:16,487 - INFO - Load pretrained SentenceTransformer: sentence-transformers/all-mpnet-base-v2
2025-11-25 09:37:38,172 - INFO - ✅✅✅✅✅✅✅ Computation time: 261.687118768692
2025-11-25 09:37:38,172 - INFO - ✅ Creating danmaku data...
2025-11-25 09:37:38,366 - INFO - ✅ Danmaku data saved: 1620 comments (20 per time)
2025-11-25 09:37:38,366 - INFO - ✅ Danmaku data (one) saved: 107 comments (1 per time)
2025-11-25 09:37:38,366 - INFO -  ✅Saving results...
2025-11-25 09:37:38,367 - INFO - ✅ Creating ComVi UI...
2025-11-25 09:37:38,383 - INFO - ✅ Danmaku UI created successfully!
2025-11-25 09:37:38,386 - INFO - ✅ Danmaku UI (one) created successfully!
2025-11-25 09:37:38,389 - INFO - ✅ Creating YouTube UI...
2025-11-25 09:37:38,395 - INFO - ✅ Creating YouTube UI (one)...
2025-11-25 09:37:38,400 - INFO - ✅ YouTube UI (one) created successfully!
2025-11-25 09:37:38,400 - INFO - ✅ All UIs created successfully!
2025-11-25 09:37:38,400 - INFO - ✅ Processing completed successfully
2025-11-25 09:37:38,400 - INFO - ✅ Results saved to: /source/minsunkim/comment/main/12_add_customization/output/1124/wFKBN3MGUGI_none_0.068
2025-11-25 09:37:38,400 - INFO - ✅ 261.91563725471497 !!!!!!!!!!
