2025-11-27 06:56:21,064 - INFO - ✅ Starting processing for video ID: wFKBN3MGUGI
2025-11-27 06:56:21,064 - INFO - ✅ Parameters: language=en, correlation_threshold=0.3, max_comments=100000
2025-11-27 06:56:21,064 - INFO - ✅ Output directory: /source/minsunkim/comment/main/12_add_customization/output/1127
2025-11-27 06:56:21,064 - INFO - ✅ Comment count: 23,062
2025-11-27 06:56:21,064 - INFO - ✅ Downloading comments...
2025-11-27 06:56:21,064 - INFO - ✅ Downloading YouTube video...
2025-11-27 06:56:21,064 - INFO - ✅ Attempting to download SRT file...
2025-11-27 06:56:25,362 - INFO - ✅ Generating SRT file...
2025-11-27 06:56:25,362 - INFO - ✅ Processing video ID: wFKBN3MGUGI
2025-11-27 06:56:25,362 - INFO - ✅ Extracting keyframes...
2025-11-27 06:56:25,362 - INFO - ✅ Extracting video captions...
2025-11-27 06:56:25,362 - INFO - =============================
2025-11-27 06:56:25,362 - INFO - ===== Optimizing phase =====
2025-11-27 06:56:25,362 - INFO - =============================
2025-11-27 06:56:25,363 - INFO - ✅ Loading video information from yt-dlp JSON...
2025-11-27 06:56:25,363 - INFO - ✅ Starting comment optimization...
2025-11-27 06:56:25,938 - INFO - ✅ Comments count: 19464
2025-11-27 06:56:25,968 - INFO - Use pytorch device_name: cuda:0
2025-11-27 06:56:25,968 - INFO - Load pretrained SentenceTransformer: sentence-transformers/all-mpnet-base-v2
2025-11-27 07:00:50,735 - INFO - ✅✅✅✅✅✅✅ Computation time: 264.768426656723
2025-11-27 07:00:50,735 - INFO - ✅ Creating danmaku data...
2025-11-27 07:00:50,907 - INFO - ✅ Danmaku data saved: 1620 comments (20 per time)
2025-11-27 07:00:50,907 - INFO - ✅ Danmaku data (one) saved: 107 comments (1 per time)
2025-11-27 07:00:50,907 - INFO -  ✅Saving results...
2025-11-27 07:00:50,908 - INFO - ✅ Creating ComVi UI...
2025-11-27 07:00:50,924 - INFO - ✅ Danmaku UI created successfully!
2025-11-27 07:00:50,928 - INFO - ✅ Danmaku UI (one) created successfully!
2025-11-27 07:00:50,928 - INFO - file_cache is only supported with oauth2client<4.0.0
2025-11-27 07:00:59,020 - INFO - ✅ Creating YouTube UI...
2025-11-27 07:00:59,026 - INFO - ✅ Creating YouTube UI (one)...
2025-11-27 07:00:59,032 - INFO - ✅ YouTube UI (one) created successfully!
2025-11-27 07:00:59,032 - INFO - ✅ All UIs created successfully!
2025-11-27 07:00:59,032 - INFO - ✅ Processing completed successfully
2025-11-27 07:00:59,032 - INFO - ✅ Results saved to: /source/minsunkim/comment/main/12_add_customization/output/1127/wFKBN3MGUGI_none_0.068
2025-11-27 07:00:59,032 - INFO - ✅ 273.0654921531677 !!!!!!!!!!
