2025-11-26 20:08:25,310 - INFO - ✅ Starting processing for video ID: wFKBN3MGUGI
2025-11-26 20:08:25,311 - INFO - ✅ Parameters: language=en, correlation_threshold=0.3, max_comments=100000
2025-11-26 20:08:25,311 - INFO - ✅ Output directory: /source/minsunkim/comment/main/12_add_customization/output/1127
2025-11-26 20:08:25,311 - INFO - ✅ Comment count: 23,061
2025-11-26 20:08:25,311 - INFO - ✅ Downloading comments...
2025-11-26 20:08:25,311 - INFO - ✅ Downloading YouTube video...
2025-11-26 20:08:25,311 - INFO - ✅ Attempting to download SRT file...
2025-11-26 20:08:29,349 - INFO - ✅ Generating SRT file...
2025-11-26 20:08:29,349 - INFO - ✅ Processing video ID: wFKBN3MGUGI
2025-11-26 20:08:29,349 - INFO - ✅ Extracting keyframes...
2025-11-26 20:08:29,350 - INFO - ✅ Extracting video captions...
2025-11-26 20:08:29,350 - INFO - =============================
2025-11-26 20:08:29,350 - INFO - ===== Optimizing phase =====
2025-11-26 20:08:29,350 - INFO - =============================
2025-11-26 20:08:29,352 - INFO - ✅ Loading video information from yt-dlp JSON...
2025-11-26 20:08:29,352 - INFO - ✅ Starting comment optimization...
2025-11-26 20:08:29,908 - INFO - ✅ Comments count: 19464
2025-11-26 20:08:29,937 - INFO - Use pytorch device_name: cuda:0
2025-11-26 20:08:29,937 - INFO - Load pretrained SentenceTransformer: sentence-transformers/all-mpnet-base-v2
2025-11-26 20:12:49,716 - INFO - ✅✅✅✅✅✅✅ Computation time: 259.7803592681885
2025-11-26 20:12:49,716 - INFO - ✅ Creating danmaku data...
2025-11-26 20:12:49,908 - INFO - ✅ Danmaku data saved: 1620 comments (20 per time)
2025-11-26 20:12:49,909 - INFO - ✅ Danmaku data (one) saved: 107 comments (1 per time)
2025-11-26 20:12:49,909 - INFO -  ✅Saving results...
2025-11-26 20:12:49,910 - INFO - ✅ Creating ComVi UI...
2025-11-26 20:12:49,926 - INFO - ✅ Danmaku UI created successfully!
2025-11-26 20:12:49,929 - INFO - ✅ Danmaku UI (one) created successfully!
2025-11-26 20:12:49,932 - INFO - ✅ Creating YouTube UI...
2025-11-26 20:12:49,938 - INFO - ✅ Creating YouTube UI (one)...
2025-11-26 20:12:49,944 - INFO - ✅ YouTube UI (one) created successfully!
2025-11-26 20:12:49,944 - INFO - ✅ All UIs created successfully!
2025-11-26 20:12:49,944 - INFO - ✅ Processing completed successfully
2025-11-26 20:12:49,944 - INFO - ✅ Results saved to: /source/minsunkim/comment/main/12_add_customization/output/1127/wFKBN3MGUGI_none_0.068
2025-11-26 20:12:49,944 - INFO - ✅ 260.0085349082947 !!!!!!!!!!
