2025-11-27 09:16:44,456 - INFO - ✅ Starting processing for video ID: wFKBN3MGUGI
2025-11-27 09:16:44,456 - INFO - ✅ Parameters: language=en, correlation_threshold=0.3, max_comments=100000
2025-11-27 09:16:44,456 - INFO - ✅ Output directory: /source/minsunkim/comment/main/12_add_customization/output/1127
2025-11-27 09:16:44,456 - INFO - ✅ Comment count: 23,062
2025-11-27 09:16:44,456 - INFO - ✅ Downloading comments...
2025-11-27 09:16:44,456 - INFO - ✅ Downloading YouTube video...
2025-11-27 09:16:44,456 - INFO - ✅ Attempting to download SRT file...
2025-11-27 09:16:48,666 - INFO - ✅ Generating SRT file...
2025-11-27 09:16:48,666 - INFO - ✅ Processing video ID: wFKBN3MGUGI
2025-11-27 09:16:48,666 - INFO - ✅ Extracting keyframes...
2025-11-27 09:16:48,666 - INFO - ✅ Extracting video captions...
2025-11-27 09:16:48,666 - INFO - =============================
2025-11-27 09:16:48,666 - INFO - ===== Optimizing phase =====
2025-11-27 09:16:48,666 - INFO - =============================
2025-11-27 09:16:48,667 - INFO - ✅ Loading video information from yt-dlp JSON...
2025-11-27 09:16:48,667 - INFO - ✅ Starting comment optimization...
2025-11-27 09:16:49,249 - INFO - ✅ Comments count: 19464
2025-11-27 09:16:49,280 - INFO - Use pytorch device_name: cuda:0
2025-11-27 09:16:49,280 - INFO - Load pretrained SentenceTransformer: sentence-transformers/all-mpnet-base-v2
2025-11-27 09:21:11,559 - INFO - ✅✅✅✅✅✅✅ Computation time: 262.2813129425049
2025-11-27 09:21:11,559 - INFO - ✅ Creating danmaku data...
2025-11-27 09:21:11,744 - INFO - ✅ Danmaku data saved: 1620 comments (20 per time)
2025-11-27 09:21:11,745 - INFO - ✅ Danmaku data (one) saved: 107 comments (1 per time)
2025-11-27 09:21:11,745 - INFO -  ✅Saving results...
2025-11-27 09:21:11,746 - INFO - ✅ Creating ComVi UI...
2025-11-27 09:21:11,762 - INFO - ✅ Danmaku UI created successfully!
2025-11-27 09:21:11,766 - INFO - ✅ Danmaku UI (one) created successfully!
2025-11-27 09:21:11,769 - INFO - ✅ Creating YouTube UI...
2025-11-27 09:21:11,775 - INFO - ✅ Creating YouTube UI (one)...
2025-11-27 09:21:11,781 - INFO - ✅ YouTube UI (one) created successfully!
2025-11-27 09:21:11,781 - INFO - ✅ All UIs created successfully!
2025-11-27 09:21:11,781 - INFO - ✅ Processing completed successfully
2025-11-27 09:21:11,781 - INFO - ✅ Results saved to: /source/minsunkim/comment/main/12_add_customization/output/1127/wFKBN3MGUGI_none_0.068
2025-11-27 09:21:11,781 - INFO - ✅ 262.5031247138977 !!!!!!!!!!
