2025-11-27 07:11:50,196 - INFO - ✅ Starting processing for video ID: biG3iUCrHaQ
2025-11-27 07:11:50,196 - INFO - ✅ Parameters: language=en, correlation_threshold=0.3, max_comments=100000
2025-11-27 07:11:50,196 - INFO - ✅ Output directory: /source/minsunkim/comment/main/12_add_customization/output/1127
2025-11-27 07:11:50,196 - INFO - ✅ Comment count: 1,690
2025-11-27 07:11:50,196 - INFO - ✅ Downloading comments...
2025-11-27 07:11:50,196 - INFO - ✅ Downloading YouTube video...
2025-11-27 07:11:50,196 - INFO - ✅ Attempting to download SRT file...
2025-11-27 07:11:54,363 - INFO - ✅ Generating SRT file...
2025-11-27 07:11:54,363 - INFO - ✅ Processing video ID: biG3iUCrHaQ
2025-11-27 07:11:54,363 - INFO - ✅ Extracting keyframes...
2025-11-27 07:11:54,363 - INFO - ✅ Extracting video captions...
2025-11-27 07:11:54,363 - INFO - =============================
2025-11-27 07:11:54,363 - INFO - ===== Optimizing phase =====
2025-11-27 07:11:54,363 - INFO - =============================
2025-11-27 07:11:54,364 - INFO - ✅ Loading video information from yt-dlp JSON...
2025-11-27 07:11:54,364 - INFO - ✅ Starting comment optimization...
2025-11-27 07:11:54,429 - INFO - ✅ Comments count: 1495
2025-11-27 07:11:54,432 - INFO - Use pytorch device_name: cuda:0
2025-11-27 07:11:54,432 - INFO - Load pretrained SentenceTransformer: sentence-transformers/all-mpnet-base-v2
2025-11-27 07:12:13,061 - INFO - ✅✅✅✅✅✅✅ Computation time: 18.630645036697388
2025-11-27 07:12:13,062 - INFO - ✅ Creating danmaku data...
2025-11-27 07:12:13,070 - INFO - ✅ Danmaku data saved: 465 comments (20 per time)
2025-11-27 07:12:13,070 - INFO - ✅ Danmaku data (one) saved: 57 comments (1 per time)
2025-11-27 07:12:13,070 - INFO -  ✅Saving results...
2025-11-27 07:12:13,071 - INFO - ✅ Creating ComVi UI...
2025-11-27 07:12:13,084 - INFO - ✅ Danmaku UI created successfully!
2025-11-27 07:12:13,087 - INFO - ✅ Danmaku UI (one) created successfully!
2025-11-27 07:12:13,088 - INFO - file_cache is only supported with oauth2client<4.0.0
2025-11-27 07:12:19,818 - INFO - ✅ Creating YouTube UI...
2025-11-27 07:12:19,824 - INFO - ✅ Creating YouTube UI (one)...
2025-11-27 07:12:19,831 - INFO - ✅ YouTube UI (one) created successfully!
2025-11-27 07:12:19,831 - INFO - ✅ All UIs created successfully!
2025-11-27 07:12:19,831 - INFO - ✅ Processing completed successfully
2025-11-27 07:12:19,831 - INFO - ✅ Results saved to: /source/minsunkim/comment/main/12_add_customization/output/1127/biG3iUCrHaQ_none_0.068
2025-11-27 07:12:19,831 - INFO - ✅ 25.40048384666443 !!!!!!!!!!
