2025-11-25 09:48:02,776 - INFO - ✅ Starting processing for video ID: biG3iUCrHaQ
2025-11-25 09:48:02,777 - INFO - ✅ Parameters: language=en, correlation_threshold=0.3, max_comments=100000
2025-11-25 09:48:02,777 - INFO - ✅ Output directory: /source/minsunkim/comment/main/12_add_customization/output/1124
2025-11-25 09:48:02,777 - INFO - ✅ Comment count: 1,690
2025-11-25 09:48:02,777 - INFO - ✅ Downloading comments...
2025-11-25 09:48:02,777 - INFO - ✅ Downloading YouTube video...
2025-11-25 09:48:02,777 - INFO - ✅ Attempting to download SRT file...
2025-11-25 09:48:07,563 - INFO - ✅ Generating SRT file...
2025-11-25 09:48:07,563 - INFO - ✅ Processing video ID: biG3iUCrHaQ
2025-11-25 09:48:07,563 - INFO - ✅ Extracting keyframes...
2025-11-25 09:48:07,563 - INFO - ✅ Extracting video captions...
2025-11-25 09:48:07,564 - INFO - =============================
2025-11-25 09:48:07,564 - INFO - ===== Optimizing phase =====
2025-11-25 09:48:07,564 - INFO - =============================
2025-11-25 09:48:07,565 - INFO - ✅ Loading video information from yt-dlp JSON...
2025-11-25 09:48:07,565 - INFO - ✅ Starting comment optimization...
2025-11-25 09:48:07,630 - INFO - ✅ Comments count: 1495
2025-11-25 09:48:07,634 - INFO - Use pytorch device_name: cuda:0
2025-11-25 09:48:07,634 - INFO - Load pretrained SentenceTransformer: sentence-transformers/all-mpnet-base-v2
2025-11-25 09:48:26,673 - INFO - ✅✅✅✅✅✅✅ Computation time: 19.041167736053467
2025-11-25 09:48:26,673 - INFO - ✅ Creating danmaku data...
2025-11-25 09:48:26,682 - INFO - ✅ Danmaku data saved: 465 comments (20 per time)
2025-11-25 09:48:26,682 - INFO - ✅ Danmaku data (one) saved: 57 comments (1 per time)
2025-11-25 09:48:26,682 - INFO -  ✅Saving results...
2025-11-25 09:48:26,683 - INFO - ✅ Creating ComVi UI...
2025-11-25 09:48:26,696 - INFO - ✅ Danmaku UI created successfully!
2025-11-25 09:48:26,699 - INFO - ✅ Danmaku UI (one) created successfully!
2025-11-25 09:48:26,702 - INFO - ✅ Creating YouTube UI...
2025-11-25 09:48:26,707 - INFO - ✅ Creating YouTube UI (one)...
2025-11-25 09:48:26,712 - INFO - ✅ YouTube UI (one) created successfully!
2025-11-25 09:48:26,712 - INFO - ✅ All UIs created successfully!
2025-11-25 09:48:26,712 - INFO - ✅ Processing completed successfully
2025-11-25 09:48:26,712 - INFO - ✅ Results saved to: /source/minsunkim/comment/main/12_add_customization/output/1124/biG3iUCrHaQ_none_0.068
2025-11-25 09:48:26,712 - INFO - ✅ 19.080066442489624 !!!!!!!!!!
