2025-11-27 10:16:57,579 - INFO - ✅ Starting processing for video ID: biG3iUCrHaQ
2025-11-27 10:16:57,579 - INFO - ✅ Parameters: language=en, correlation_threshold=0.3, max_comments=100000
2025-11-27 10:16:57,579 - INFO - ✅ Output directory: /source/minsunkim/comment/main/12_add_customization/output/1127
2025-11-27 10:16:57,579 - INFO - ✅ Comment count: 1,690
2025-11-27 10:16:57,579 - INFO - ✅ Downloading comments...
2025-11-27 10:16:57,579 - INFO - ✅ Downloading YouTube video...
2025-11-27 10:16:57,579 - INFO - ✅ Attempting to download SRT file...
2025-11-27 10:17:02,176 - INFO - ✅ Generating SRT file...
2025-11-27 10:17:02,176 - INFO - ✅ Processing video ID: biG3iUCrHaQ
2025-11-27 10:17:02,176 - INFO - ✅ Extracting keyframes...
2025-11-27 10:17:02,176 - INFO - ✅ Extracting video captions...
2025-11-27 10:17:02,177 - INFO - =============================
2025-11-27 10:17:02,177 - INFO - ===== Optimizing phase =====
2025-11-27 10:17:02,177 - INFO - =============================
2025-11-27 10:17:02,178 - INFO - ✅ Loading video information from yt-dlp JSON...
2025-11-27 10:17:02,178 - INFO - ✅ Starting comment optimization...
2025-11-27 10:17:02,232 - INFO - ✅ Comments count: 1495
2025-11-27 10:17:02,236 - INFO - Use pytorch device_name: cuda:0
2025-11-27 10:17:02,236 - INFO - Load pretrained SentenceTransformer: sentence-transformers/all-mpnet-base-v2
2025-11-27 10:17:20,778 - INFO - ✅✅✅✅✅✅✅ Computation time: 18.543413639068604
2025-11-27 10:17:20,778 - INFO - ✅ Creating danmaku data...
2025-11-27 10:17:20,786 - INFO - ✅ Danmaku data saved: 465 comments (20 per time)
2025-11-27 10:17:20,786 - INFO - ✅ Danmaku data (one) saved: 57 comments (1 per time)
2025-11-27 10:17:20,786 - INFO -  ✅Saving results...
2025-11-27 10:17:20,787 - INFO - ✅ Creating ComVi UI...
2025-11-27 10:17:20,807 - INFO - ✅ Danmaku UI created successfully!
2025-11-27 10:17:20,810 - INFO - ✅ Danmaku UI (one) created successfully!
2025-11-27 10:17:20,813 - INFO - ✅ Creating YouTube UI...
2025-11-27 10:17:20,818 - INFO - ✅ Creating YouTube UI (one)...
2025-11-27 10:17:20,824 - INFO - ✅ YouTube UI (one) created successfully!
2025-11-27 10:17:20,824 - INFO - ✅ All UIs created successfully!
2025-11-27 10:17:20,824 - INFO - ✅ Processing completed successfully
2025-11-27 10:17:20,824 - INFO - ✅ Results saved to: /source/minsunkim/comment/main/12_add_customization/output/1127/biG3iUCrHaQ_none_0.068
2025-11-27 10:17:20,824 - INFO - ✅ 18.589640855789185 !!!!!!!!!!
