2025-11-25 05:46:34,555 - INFO - ✅ Starting processing for video ID: biG3iUCrHaQ
2025-11-25 05:46:34,555 - INFO - ✅ Parameters: language=en, correlation_threshold=0.3, max_comments=100000
2025-11-25 05:46:34,555 - INFO - ✅ Output directory: /source/minsunkim/comment/main/12_add_customization/output/1124
2025-11-25 05:46:34,555 - INFO - ✅ Comment count: 1,690
2025-11-25 05:46:34,555 - INFO - ✅ Downloading comments...
2025-11-25 05:46:34,555 - INFO - ✅ Downloading YouTube video...
2025-11-25 05:46:34,555 - INFO - ✅ Attempting to download SRT file...
2025-11-25 05:46:38,728 - INFO - ✅ Generating SRT file...
2025-11-25 05:46:38,728 - INFO - ✅ Processing video ID: biG3iUCrHaQ
2025-11-25 05:46:38,728 - INFO - ✅ Extracting keyframes...
2025-11-25 05:46:38,729 - INFO - ✅ Extracting video captions...
2025-11-25 05:46:38,729 - INFO - =============================
2025-11-25 05:46:38,729 - INFO - ===== Optimizing phase =====
2025-11-25 05:46:38,729 - INFO - =============================
2025-11-25 05:46:38,731 - INFO - ✅ Loading video information from yt-dlp JSON...
2025-11-25 05:46:38,731 - INFO - ✅ Starting comment optimization...
2025-11-25 05:46:38,793 - INFO - ✅ Comments count: 1495
2025-11-25 05:46:38,796 - INFO - Use pytorch device_name: cuda:0
2025-11-25 05:46:38,796 - INFO - Load pretrained SentenceTransformer: sentence-transformers/all-mpnet-base-v2
2025-11-25 05:46:56,790 - INFO - ✅✅✅✅✅✅✅ Computation time: 17.995606184005737
2025-11-25 05:46:56,790 - INFO - ✅ Creating danmaku data...
2025-11-25 05:46:56,798 - INFO - ✅ Danmaku data saved: 465 comments (20 per time)
2025-11-25 05:46:56,799 - INFO - ✅ Danmaku data (one) saved: 57 comments (1 per time)
2025-11-25 05:46:56,799 - INFO -  ✅Saving results...
2025-11-25 05:46:56,800 - INFO - ✅ Creating ComVi UI...
2025-11-25 05:46:56,812 - INFO - ✅ Danmaku UI created successfully!
2025-11-25 05:46:56,815 - INFO - ✅ Danmaku UI (one) created successfully!
2025-11-25 05:46:56,818 - INFO - ✅ Creating YouTube UI...
2025-11-25 05:46:56,823 - INFO - ✅ Creating YouTube UI (one)...
2025-11-25 05:46:56,828 - INFO - ✅ YouTube UI (one) created successfully!
2025-11-25 05:46:56,828 - INFO - ✅ All UIs created successfully!
2025-11-25 05:46:56,828 - INFO - ✅ Processing completed successfully
2025-11-25 05:46:56,828 - INFO - ✅ Results saved to: /source/minsunkim/comment/main/12_add_customization/output/1124/biG3iUCrHaQ_none_0.068
2025-11-25 05:46:56,828 - INFO - ✅ 18.033581495285034 !!!!!!!!!!
