2025-11-26 20:22:47,472 - INFO - ✅ Starting processing for video ID: biG3iUCrHaQ
2025-11-26 20:22:47,472 - INFO - ✅ Parameters: language=en, correlation_threshold=0.3, max_comments=100000
2025-11-26 20:22:47,472 - INFO - ✅ Output directory: /source/minsunkim/comment/main/12_add_customization/output/1127
2025-11-26 20:22:47,472 - INFO - ✅ Comment count: 1,690
2025-11-26 20:22:47,472 - INFO - ✅ Downloading comments...
2025-11-26 20:22:47,473 - INFO - ✅ Downloading YouTube video...
2025-11-26 20:22:47,473 - INFO - ✅ Attempting to download SRT file...
2025-11-26 20:22:51,474 - INFO - ✅ Generating SRT file...
2025-11-26 20:22:51,474 - INFO - ✅ Processing video ID: biG3iUCrHaQ
2025-11-26 20:22:51,474 - INFO - ✅ Extracting keyframes...
2025-11-26 20:22:51,474 - INFO - ✅ Extracting video captions...
2025-11-26 20:22:51,474 - INFO - =============================
2025-11-26 20:22:51,474 - INFO - ===== Optimizing phase =====
2025-11-26 20:22:51,474 - INFO - =============================
2025-11-26 20:22:51,477 - INFO - ✅ Loading video information from yt-dlp JSON...
2025-11-26 20:22:51,477 - INFO - ✅ Starting comment optimization...
2025-11-26 20:22:51,554 - INFO - ✅ Comments count: 1495
2025-11-26 20:22:51,561 - INFO - Use pytorch device_name: cuda:0
2025-11-26 20:22:51,561 - INFO - Load pretrained SentenceTransformer: sentence-transformers/all-mpnet-base-v2
2025-11-26 20:23:08,901 - INFO - ✅✅✅✅✅✅✅ Computation time: 17.343470573425293
2025-11-26 20:23:08,902 - INFO - ✅ Creating danmaku data...
2025-11-26 20:23:08,909 - INFO - ✅ Danmaku data saved: 465 comments (20 per time)
2025-11-26 20:23:08,910 - INFO - ✅ Danmaku data (one) saved: 57 comments (1 per time)
2025-11-26 20:23:08,910 - INFO -  ✅Saving results...
2025-11-26 20:23:08,911 - INFO - ✅ Creating ComVi UI...
2025-11-26 20:23:08,923 - INFO - ✅ Danmaku UI created successfully!
2025-11-26 20:23:08,926 - INFO - ✅ Danmaku UI (one) created successfully!
2025-11-26 20:23:08,929 - INFO - ✅ Creating YouTube UI...
2025-11-26 20:23:08,934 - INFO - ✅ Creating YouTube UI (one)...
2025-11-26 20:23:08,940 - INFO - ✅ YouTube UI (one) created successfully!
2025-11-26 20:23:08,940 - INFO - ✅ All UIs created successfully!
2025-11-26 20:23:08,940 - INFO - ✅ Processing completed successfully
2025-11-26 20:23:08,940 - INFO - ✅ Results saved to: /source/minsunkim/comment/main/12_add_customization/output/1127/biG3iUCrHaQ_none_0.068
2025-11-26 20:23:08,940 - INFO - ✅ 17.382222890853882 !!!!!!!!!!
