2025-11-25 05:39:14,999 - INFO - ✅ Starting processing for video ID: W86cTIoMv2U
2025-11-25 05:39:14,999 - INFO - ✅ Parameters: language=en, correlation_threshold=0.3, max_comments=100000
2025-11-25 05:39:14,999 - INFO - ✅ Output directory: /source/minsunkim/comment/main/12_add_customization/output/1124
2025-11-25 05:39:14,999 - INFO - ✅ Comment count: 84,896
2025-11-25 05:39:14,999 - INFO - ✅ Downloading comments...
2025-11-25 05:39:14,999 - INFO - ✅ Downloading YouTube video...
2025-11-25 05:39:14,999 - INFO - ✅ Attempting to download SRT file...
2025-11-25 05:39:18,473 - INFO - ✅ Generating SRT file...
2025-11-25 05:39:18,473 - INFO - ✅ Processing video ID: W86cTIoMv2U
2025-11-25 05:39:18,473 - INFO - ✅ Extracting keyframes...
2025-11-25 05:39:18,473 - INFO - ✅ Extracting video captions...
2025-11-25 05:39:18,474 - INFO - =============================
2025-11-25 05:39:18,474 - INFO - ===== Optimizing phase =====
2025-11-25 05:39:18,474 - INFO - =============================
2025-11-25 05:39:18,475 - INFO - ✅ Loading video information from yt-dlp JSON...
2025-11-25 05:39:18,475 - INFO - ✅ Starting comment optimization...
2025-11-25 05:39:25,105 - INFO - ✅ Comments count: 66573
2025-11-25 05:39:25,437 - INFO - Use pytorch device_name: cuda:0
2025-11-25 05:39:25,437 - INFO - Load pretrained SentenceTransformer: sentence-transformers/all-mpnet-base-v2
2025-11-25 05:46:08,732 - INFO - ✅✅✅✅✅✅✅ Computation time: 403.2969434261322
2025-11-25 05:46:08,732 - INFO - ✅ Creating danmaku data...
2025-11-25 05:46:09,646 - INFO - ✅ Danmaku data saved: 696 comments (20 per time)
2025-11-25 05:46:09,646 - INFO - ✅ Danmaku data (one) saved: 78 comments (1 per time)
2025-11-25 05:46:09,646 - INFO -  ✅Saving results...
2025-11-25 05:46:09,647 - INFO - ✅ Creating ComVi UI...
2025-11-25 05:46:09,660 - INFO - ✅ Danmaku UI created successfully!
2025-11-25 05:46:09,663 - INFO - ✅ Danmaku UI (one) created successfully!
2025-11-25 05:46:09,667 - INFO - ✅ Creating YouTube UI...
2025-11-25 05:46:09,672 - INFO - ✅ Creating YouTube UI (one)...
2025-11-25 05:46:09,678 - INFO - ✅ YouTube UI (one) created successfully!
2025-11-25 05:46:09,678 - INFO - ✅ All UIs created successfully!
2025-11-25 05:46:09,678 - INFO - ✅ Processing completed successfully
2025-11-25 05:46:09,678 - INFO - ✅ Results saved to: /source/minsunkim/comment/main/12_add_customization/output/1124/W86cTIoMv2U_none_0.068
2025-11-25 05:46:09,678 - INFO - ✅ 404.243168592453 !!!!!!!!!!
