2025-11-25 09:40:41,633 - INFO - ✅ Starting processing for video ID: W86cTIoMv2U
2025-11-25 09:40:41,633 - INFO - ✅ Parameters: language=en, correlation_threshold=0.3, max_comments=100000
2025-11-25 09:40:41,633 - INFO - ✅ Output directory: /source/minsunkim/comment/main/12_add_customization/output/1124
2025-11-25 09:40:41,633 - INFO - ✅ Comment count: 84,895
2025-11-25 09:40:41,633 - INFO - ✅ Downloading comments...
2025-11-25 09:40:41,634 - INFO - ✅ Downloading YouTube video...
2025-11-25 09:40:41,634 - INFO - ✅ Attempting to download SRT file...
2025-11-25 09:40:45,134 - INFO - ✅ Generating SRT file...
2025-11-25 09:40:45,134 - INFO - ✅ Processing video ID: W86cTIoMv2U
2025-11-25 09:40:45,134 - INFO - ✅ Extracting keyframes...
2025-11-25 09:40:45,134 - INFO - ✅ Extracting video captions...
2025-11-25 09:40:45,134 - INFO - =============================
2025-11-25 09:40:45,134 - INFO - ===== Optimizing phase =====
2025-11-25 09:40:45,134 - INFO - =============================
2025-11-25 09:40:45,136 - INFO - ✅ Loading video information from yt-dlp JSON...
2025-11-25 09:40:45,136 - INFO - ✅ Starting comment optimization...
2025-11-25 09:40:51,595 - INFO - ✅ Comments count: 66573
2025-11-25 09:40:51,918 - INFO - Use pytorch device_name: cuda:0
2025-11-25 09:40:51,919 - INFO - Load pretrained SentenceTransformer: sentence-transformers/all-mpnet-base-v2
2025-11-25 09:47:31,798 - INFO - ✅✅✅✅✅✅✅ Computation time: 399.8813760280609
2025-11-25 09:47:31,799 - INFO - ✅ Creating danmaku data...
2025-11-25 09:47:32,731 - INFO - ✅ Danmaku data saved: 696 comments (20 per time)
2025-11-25 09:47:32,731 - INFO - ✅ Danmaku data (one) saved: 78 comments (1 per time)
2025-11-25 09:47:32,731 - INFO -  ✅Saving results...
2025-11-25 09:47:32,732 - INFO - ✅ Creating ComVi UI...
2025-11-25 09:47:32,747 - INFO - ✅ Danmaku UI created successfully!
2025-11-25 09:47:32,750 - INFO - ✅ Danmaku UI (one) created successfully!
2025-11-25 09:47:32,754 - INFO - ✅ Creating YouTube UI...
2025-11-25 09:47:32,759 - INFO - ✅ Creating YouTube UI (one)...
2025-11-25 09:47:32,766 - INFO - ✅ YouTube UI (one) created successfully!
2025-11-25 09:47:32,766 - INFO - ✅ All UIs created successfully!
2025-11-25 09:47:32,766 - INFO - ✅ Processing completed successfully
2025-11-25 09:47:32,766 - INFO - ✅ Results saved to: /source/minsunkim/comment/main/12_add_customization/output/1124/W86cTIoMv2U_none_0.068
2025-11-25 09:47:32,766 - INFO - ✅ 400.849027633667 !!!!!!!!!!
