2025-11-27 07:04:09,396 - INFO - ✅ Starting processing for video ID: W86cTIoMv2U
2025-11-27 07:04:09,397 - INFO - ✅ Parameters: language=en, correlation_threshold=0.3, max_comments=100000
2025-11-27 07:04:09,397 - INFO - ✅ Output directory: /source/minsunkim/comment/main/12_add_customization/output/1127
2025-11-27 07:04:09,397 - INFO - ✅ Comment count: 84,928
2025-11-27 07:04:09,397 - INFO - ✅ Downloading comments...
2025-11-27 07:04:09,397 - INFO - ✅ Downloading YouTube video...
2025-11-27 07:04:09,397 - INFO - ✅ Attempting to download SRT file...
2025-11-27 07:04:13,251 - INFO - ✅ Generating SRT file...
2025-11-27 07:04:13,251 - INFO - ✅ Processing video ID: W86cTIoMv2U
2025-11-27 07:04:13,251 - INFO - ✅ Extracting keyframes...
2025-11-27 07:04:13,252 - INFO - ✅ Extracting video captions...
2025-11-27 07:04:13,252 - INFO - =============================
2025-11-27 07:04:13,252 - INFO - ===== Optimizing phase =====
2025-11-27 07:04:13,252 - INFO - =============================
2025-11-27 07:04:13,253 - INFO - ✅ Loading video information from yt-dlp JSON...
2025-11-27 07:04:13,254 - INFO - ✅ Starting comment optimization...
2025-11-27 07:04:19,678 - INFO - ✅ Comments count: 66573
2025-11-27 07:04:19,996 - INFO - Use pytorch device_name: cuda:0
2025-11-27 07:04:19,996 - INFO - Load pretrained SentenceTransformer: sentence-transformers/all-mpnet-base-v2
2025-11-27 07:11:11,898 - INFO - ✅✅✅✅✅✅✅ Computation time: 411.9036531448364
2025-11-27 07:11:11,899 - INFO - ✅ Creating danmaku data...
2025-11-27 07:11:12,863 - INFO - ✅ Danmaku data saved: 696 comments (20 per time)
2025-11-27 07:11:12,864 - INFO - ✅ Danmaku data (one) saved: 78 comments (1 per time)
2025-11-27 07:11:12,864 - INFO -  ✅Saving results...
2025-11-27 07:11:12,865 - INFO - ✅ Creating ComVi UI...
2025-11-27 07:11:12,879 - INFO - ✅ Danmaku UI created successfully!
2025-11-27 07:11:12,882 - INFO - ✅ Danmaku UI (one) created successfully!
2025-11-27 07:11:12,883 - INFO - file_cache is only supported with oauth2client<4.0.0
2025-11-27 07:11:22,445 - INFO - ✅ Creating YouTube UI...
2025-11-27 07:11:22,452 - INFO - ✅ Creating YouTube UI (one)...
2025-11-27 07:11:22,459 - INFO - ✅ YouTube UI (one) created successfully!
2025-11-27 07:11:22,460 - INFO - ✅ All UIs created successfully!
2025-11-27 07:11:22,460 - INFO - ✅ Processing completed successfully
2025-11-27 07:11:22,460 - INFO - ✅ Results saved to: /source/minsunkim/comment/main/12_add_customization/output/1127/W86cTIoMv2U_none_0.068
2025-11-27 07:11:22,460 - INFO - ✅ 422.4652247428894 !!!!!!!!!!
