2025-11-26 20:15:52,587 - INFO - ✅ Starting processing for video ID: W86cTIoMv2U
2025-11-26 20:15:52,587 - INFO - ✅ Parameters: language=en, correlation_threshold=0.3, max_comments=100000
2025-11-26 20:15:52,587 - INFO - ✅ Output directory: /source/minsunkim/comment/main/12_add_customization/output/1127
2025-11-26 20:15:52,587 - INFO - ✅ Comment count: 84,922
2025-11-26 20:15:52,587 - INFO - ✅ Downloading comments...
2025-11-26 20:15:52,588 - INFO - ✅ Downloading YouTube video...
2025-11-26 20:15:52,588 - INFO - ✅ Attempting to download SRT file...
2025-11-26 20:15:56,144 - INFO - ✅ Generating SRT file...
2025-11-26 20:15:56,144 - INFO - ✅ Processing video ID: W86cTIoMv2U
2025-11-26 20:15:56,144 - INFO - ✅ Extracting keyframes...
2025-11-26 20:15:56,144 - INFO - ✅ Extracting video captions...
2025-11-26 20:15:56,145 - INFO - =============================
2025-11-26 20:15:56,145 - INFO - ===== Optimizing phase =====
2025-11-26 20:15:56,145 - INFO - =============================
2025-11-26 20:15:56,146 - INFO - ✅ Loading video information from yt-dlp JSON...
2025-11-26 20:15:56,146 - INFO - ✅ Starting comment optimization...
2025-11-26 20:16:02,109 - INFO - ✅ Comments count: 66573
2025-11-26 20:16:02,382 - INFO - Use pytorch device_name: cuda:0
2025-11-26 20:16:02,382 - INFO - Load pretrained SentenceTransformer: sentence-transformers/all-mpnet-base-v2
2025-11-26 20:22:23,130 - INFO - ✅✅✅✅✅✅✅ Computation time: 380.74909830093384
2025-11-26 20:22:23,130 - INFO - ✅ Creating danmaku data...
2025-11-26 20:22:23,986 - INFO - ✅ Danmaku data saved: 696 comments (20 per time)
2025-11-26 20:22:23,986 - INFO - ✅ Danmaku data (one) saved: 78 comments (1 per time)
2025-11-26 20:22:23,986 - INFO -  ✅Saving results...
2025-11-26 20:22:23,987 - INFO - ✅ Creating ComVi UI...
2025-11-26 20:22:24,001 - INFO - ✅ Danmaku UI created successfully!
2025-11-26 20:22:24,004 - INFO - ✅ Danmaku UI (one) created successfully!
2025-11-26 20:22:24,007 - INFO - ✅ Creating YouTube UI...
2025-11-26 20:22:24,013 - INFO - ✅ Creating YouTube UI (one)...
2025-11-26 20:22:24,019 - INFO - ✅ YouTube UI (one) created successfully!
2025-11-26 20:22:24,019 - INFO - ✅ All UIs created successfully!
2025-11-26 20:22:24,019 - INFO - ✅ Processing completed successfully
2025-11-26 20:22:24,019 - INFO - ✅ Results saved to: /source/minsunkim/comment/main/12_add_customization/output/1127/W86cTIoMv2U_none_0.068
2025-11-26 20:22:24,019 - INFO - ✅ 381.638386964798 !!!!!!!!!!
