2025-11-27 10:09:28,871 - INFO - ✅ Starting processing for video ID: W86cTIoMv2U
2025-11-27 10:09:28,871 - INFO - ✅ Parameters: language=en, correlation_threshold=0.3, max_comments=100000
2025-11-27 10:09:28,871 - INFO - ✅ Output directory: /source/minsunkim/comment/main/12_add_customization/output/1127
2025-11-27 10:09:28,871 - INFO - ✅ Comment count: 84,929
2025-11-27 10:09:28,871 - INFO - ✅ Downloading comments...
2025-11-27 10:09:28,871 - INFO - ✅ Downloading YouTube video...
2025-11-27 10:09:28,871 - INFO - ✅ Attempting to download SRT file...
2025-11-27 10:09:32,524 - INFO - ✅ Generating SRT file...
2025-11-27 10:09:32,524 - INFO - ✅ Processing video ID: W86cTIoMv2U
2025-11-27 10:09:32,524 - INFO - ✅ Extracting keyframes...
2025-11-27 10:09:32,524 - INFO - ✅ Extracting video captions...
2025-11-27 10:09:32,524 - INFO - =============================
2025-11-27 10:09:32,524 - INFO - ===== Optimizing phase =====
2025-11-27 10:09:32,525 - INFO - =============================
2025-11-27 10:09:32,528 - INFO - ✅ Loading video information from yt-dlp JSON...
2025-11-27 10:09:32,528 - INFO - ✅ Starting comment optimization...
2025-11-27 10:09:38,549 - INFO - ✅ Comments count: 66573
2025-11-27 10:09:38,827 - INFO - Use pytorch device_name: cuda:0
2025-11-27 10:09:38,827 - INFO - Load pretrained SentenceTransformer: sentence-transformers/all-mpnet-base-v2
2025-11-27 10:16:28,715 - INFO - ✅✅✅✅✅✅✅ Computation time: 409.8901689052582
2025-11-27 10:16:28,716 - INFO - ✅ Creating danmaku data...
2025-11-27 10:16:29,632 - INFO - ✅ Danmaku data saved: 696 comments (20 per time)
2025-11-27 10:16:29,632 - INFO - ✅ Danmaku data (one) saved: 78 comments (1 per time)
2025-11-27 10:16:29,632 - INFO -  ✅Saving results...
2025-11-27 10:16:29,633 - INFO - ✅ Creating ComVi UI...
2025-11-27 10:16:29,647 - INFO - ✅ Danmaku UI created successfully!
2025-11-27 10:16:29,651 - INFO - ✅ Danmaku UI (one) created successfully!
2025-11-27 10:16:29,657 - INFO - ✅ Creating YouTube UI...
2025-11-27 10:16:29,667 - INFO - ✅ Creating YouTube UI (one)...
2025-11-27 10:16:29,673 - INFO - ✅ YouTube UI (one) created successfully!
2025-11-27 10:16:29,674 - INFO - ✅ All UIs created successfully!
2025-11-27 10:16:29,674 - INFO - ✅ Processing completed successfully
2025-11-27 10:16:29,674 - INFO - ✅ Results saved to: /source/minsunkim/comment/main/12_add_customization/output/1127/W86cTIoMv2U_none_0.068
2025-11-27 10:16:29,674 - INFO - ✅ 410.8483998775482 !!!!!!!!!!
